26-05-13 22:59:24.288 [main] INFO  n.s.journalApp.JournalApplication - Starting JournalApplication using Java 21.0.5 on RT0098 with PID 31784 (D:\React\journalApp\target\classes started by shashikantlohar in D:\React\journalApp) 
26-05-13 22:59:24.297 [main] INFO  n.s.journalApp.JournalApplication - No active profile set, falling back to 1 default profile: "default" 
26-05-13 22:59:25.600 [main] INFO  o.s.d.r.c.RepositoryConfigurationDelegate - Multiple Spring Data modules found, entering strict repository configuration mode 
26-05-13 22:59:25.607 [main] INFO  o.s.d.r.c.RepositoryConfigurationDelegate - Bootstrapping Spring Data MongoDB repositories in DEFAULT mode. 
26-05-13 22:59:25.799 [main] INFO  o.s.d.r.c.RepositoryConfigurationDelegate - Finished Spring Data repository scanning in 178 ms. Found 3 MongoDB repository interfaces. 
26-05-13 22:59:25.819 [main] INFO  o.s.d.r.c.RepositoryConfigurationDelegate - Multiple Spring Data modules found, entering strict repository configuration mode 
26-05-13 22:59:25.819 [main] INFO  o.s.d.r.c.RepositoryConfigurationDelegate - Bootstrapping Spring Data Redis repositories in DEFAULT mode. 
26-05-13 22:59:25.848 [main] INFO  o.s.d.r.c.RepositoryConfigurationExtensionSupport - Spring Data Redis - Could not safely identify store assignment for repository candidate interface net.shashikantlohar.journalApp.repository.ConfigJournalAppRepository; If you want this repository to be a Redis repository, consider annotating your entities with one of these annotations: org.springframework.data.redis.core.RedisHash (preferred), or consider extending one of the following types with your repository: org.springframework.data.keyvalue.repository.KeyValueRepository 
26-05-13 22:59:25.855 [main] INFO  o.s.d.r.c.RepositoryConfigurationExtensionSupport - Spring Data Redis - Could not safely identify store assignment for repository candidate interface net.shashikantlohar.journalApp.repository.JournalEntryRepository; If you want this repository to be a Redis repository, consider annotating your entities with one of these annotations: org.springframework.data.redis.core.RedisHash (preferred), or consider extending one of the following types with your repository: org.springframework.data.keyvalue.repository.KeyValueRepository 
26-05-13 22:59:25.855 [main] INFO  o.s.d.r.c.RepositoryConfigurationExtensionSupport - Spring Data Redis - Could not safely identify store assignment for repository candidate interface net.shashikantlohar.journalApp.repository.UserRepository; If you want this repository to be a Redis repository, consider annotating your entities with one of these annotations: org.springframework.data.redis.core.RedisHash (preferred), or consider extending one of the following types with your repository: org.springframework.data.keyvalue.repository.KeyValueRepository 
26-05-13 22:59:25.855 [main] INFO  o.s.d.r.c.RepositoryConfigurationDelegate - Finished Spring Data repository scanning in 24 ms. Found 0 Redis repository interfaces. 
26-05-13 22:59:26.723 [main] INFO  o.s.b.w.e.tomcat.TomcatWebServer - Tomcat initialized with port(s): 8080 (http) 
26-05-13 22:59:26.732 [main] INFO  o.a.coyote.http11.Http11NioProtocol - Initializing ProtocolHandler ["http-nio-8080"] 
26-05-13 22:59:26.733 [main] INFO  o.a.catalina.core.StandardService - Starting service [Tomcat] 
26-05-13 22:59:26.735 [main] INFO  o.a.catalina.core.StandardEngine - Starting Servlet engine: [Apache Tomcat/9.0.80] 
26-05-13 22:59:27.009 [main] INFO  o.a.c.c.C.[Tomcat].[localhost].[/] - Initializing Spring embedded WebApplicationContext 
26-05-13 22:59:27.009 [main] INFO  o.s.b.w.s.c.ServletWebServerApplicationContext - Root WebApplicationContext: initialization completed in 2531 ms 
26-05-13 22:59:27.228 [main] INFO  org.mongodb.driver.client - MongoClient with metadata {"driver": {"name": "mongo-java-driver|sync|spring-boot", "version": "4.6.1"}, "os": {"type": "Windows", "name": "Windows 11", "architecture": "amd64", "version": "10.0"}, "platform": "Java/Oracle Corporation/21.0.5+9-LTS-239"} created with settings MongoClientSettings{readPreference=primary, writeConcern=WriteConcern{w=null, wTimeout=null ms, journal=null}, retryWrites=true, retryReads=true, readConcern=ReadConcern{level=null}, credential=null, streamFactoryFactory=null, commandListeners=[], codecRegistry=ProvidersCodecRegistry{codecProviders=[ValueCodecProvider{}, BsonValueCodecProvider{}, DBRefCodecProvider{}, DBObjectCodecProvider{}, DocumentCodecProvider{}, IterableCodecProvider{}, MapCodecProvider{}, GeoJsonCodecProvider{}, GridFSFileCodecProvider{}, Jsr310CodecProvider{}, JsonObjectCodecProvider{}, BsonCodecProvider{}, EnumCodecProvider{}, com.mongodb.Jep395RecordCodecProvider@7d9c45ee]}, clusterSettings={hosts=[localhost:27017], srvServiceName=mongodb, mode=SINGLE, requiredClusterType=UNKNOWN, requiredReplicaSetName='null', serverSelector='null', clusterListeners='[]', serverSelectionTimeout='30000 ms', localThreshold='30000 ms'}, socketSettings=SocketSettings{connectTimeoutMS=10000, readTimeoutMS=0, receiveBufferSize=0, sendBufferSize=0}, heartbeatSocketSettings=SocketSettings{connectTimeoutMS=10000, readTimeoutMS=10000, receiveBufferSize=0, sendBufferSize=0}, connectionPoolSettings=ConnectionPoolSettings{maxSize=100, minSize=0, maxWaitTimeMS=120000, maxConnectionLifeTimeMS=0, maxConnectionIdleTimeMS=0, maintenanceInitialDelayMS=0, maintenanceFrequencyMS=60000, connectionPoolListeners=[], maxConnecting=2}, serverSettings=ServerSettings{heartbeatFrequencyMS=10000, minHeartbeatFrequencyMS=500, serverListeners='[]', serverMonitorListeners='[]'}, sslSettings=SslSettings{enabled=false, invalidHostNameAllowed=false, context=null}, applicationName='null', compressorList=[], uuidRepresentation=JAVA_LEGACY, serverApi=null, autoEncryptionSettings=null, contextProvider=null} 
26-05-13 22:59:27.309 [cluster-ClusterId{value='6a04b4f7f6aeae12ec842143', description='null'}-localhost:27017] INFO  org.mongodb.driver.connection - Opened connection [connectionId{localValue:1, serverValue:44}] to localhost:27017 
26-05-13 22:59:27.309 [cluster-rtt-ClusterId{value='6a04b4f7f6aeae12ec842143', description='null'}-localhost:27017] INFO  org.mongodb.driver.connection - Opened connection [connectionId{localValue:2, serverValue:43}] to localhost:27017 
26-05-13 22:59:27.309 [cluster-ClusterId{value='6a04b4f7f6aeae12ec842143', description='null'}-localhost:27017] INFO  org.mongodb.driver.cluster - Monitor thread successfully connected to server with description ServerDescription{address=localhost:27017, type=STANDALONE, state=CONNECTED, ok=true, minWireVersion=0, maxWireVersion=25, maxDocumentSize=16777216, logicalSessionTimeoutMinutes=30, roundTripTimeNanos=64353100} 
26-05-13 22:59:27.999 [main] INFO  org.mongodb.driver.connection - Opened connection [connectionId{localValue:3, serverValue:45}] to localhost:27017 
26-05-13 22:59:28.990 [main] INFO  o.s.s.web.DefaultSecurityFilterChain - Will secure any request with [org.springframework.security.web.session.DisableEncodeUrlFilter@7d4da729, org.springframework.security.web.context.request.async.WebAsyncManagerIntegrationFilter@2133b712, org.springframework.security.web.context.SecurityContextPersistenceFilter@4c79ca55, org.springframework.security.web.header.HeaderWriterFilter@4dffff9, org.springframework.security.web.authentication.logout.LogoutFilter@19e2db7c, net.shashikantlohar.journalApp.filter.JwtFilter@6fef75c6, org.springframework.security.web.savedrequest.RequestCacheAwareFilter@3c4ad54, org.springframework.security.web.servletapi.SecurityContextHolderAwareRequestFilter@1124dd79, org.springframework.security.web.authentication.AnonymousAuthenticationFilter@4b7e4d14, org.springframework.security.web.session.SessionManagementFilter@4ac7856f, org.springframework.security.web.access.ExceptionTranslationFilter@1dc9f5ad, org.springframework.security.web.access.intercept.FilterSecurityInterceptor@2d2a8819] 
26-05-13 22:59:29.629 [main] INFO  o.a.k.c.consumer.ConsumerConfig - ConsumerConfig values: 
	allow.auto.create.topics = true
	auto.commit.interval.ms = 5000
	auto.offset.reset = latest
	bootstrap.servers = [localhost:9092]
	check.crcs = true
	client.dns.lookup = use_all_dns_ips
	client.id = consumer-weekly-sentiment-group-1
	client.rack = 
	connections.max.idle.ms = 540000
	default.api.timeout.ms = 60000
	enable.auto.commit = false
	exclude.internal.topics = true
	fetch.max.bytes = 52428800
	fetch.max.wait.ms = 500
	fetch.min.bytes = 1
	group.id = weekly-sentiment-group
	group.instance.id = null
	heartbeat.interval.ms = 3000
	interceptor.classes = []
	internal.leave.group.on.close = true
	internal.throw.on.fetch.stable.offset.unsupported = false
	isolation.level = read_uncommitted
	key.deserializer = class org.apache.kafka.common.serialization.StringDeserializer
	max.partition.fetch.bytes = 1048576
	max.poll.interval.ms = 300000
	max.poll.records = 500
	metadata.max.age.ms = 300000
	metric.reporters = []
	metrics.num.samples = 2
	metrics.recording.level = INFO
	metrics.sample.window.ms = 30000
	partition.assignment.strategy = [class org.apache.kafka.clients.consumer.RangeAssignor, class org.apache.kafka.clients.consumer.CooperativeStickyAssignor]
	receive.buffer.bytes = 65536
	reconnect.backoff.max.ms = 1000
	reconnect.backoff.ms = 50
	request.timeout.ms = 30000
	retry.backoff.ms = 100
	sasl.client.callback.handler.class = null
	sasl.jaas.config = [hidden]
	sasl.kerberos.kinit.cmd = /usr/bin/kinit
	sasl.kerberos.min.time.before.relogin = 60000
	sasl.kerberos.service.name = null
	sasl.kerberos.ticket.renew.jitter = 0.05
	sasl.kerberos.ticket.renew.window.factor = 0.8
	sasl.login.callback.handler.class = null
	sasl.login.class = null
	sasl.login.connect.timeout.ms = null
	sasl.login.read.timeout.ms = null
	sasl.login.refresh.buffer.seconds = 300
	sasl.login.refresh.min.period.seconds = 60
	sasl.login.refresh.window.factor = 0.8
	sasl.login.refresh.window.jitter = 0.05
	sasl.login.retry.backoff.max.ms = 10000
	sasl.login.retry.backoff.ms = 100
	sasl.mechanism = PLAIN
	sasl.oauthbearer.clock.skew.seconds = 30
	sasl.oauthbearer.expected.audience = null
	sasl.oauthbearer.expected.issuer = null
	sasl.oauthbearer.jwks.endpoint.refresh.ms = 3600000
	sasl.oauthbearer.jwks.endpoint.retry.backoff.max.ms = 10000
	sasl.oauthbearer.jwks.endpoint.retry.backoff.ms = 100
	sasl.oauthbearer.jwks.endpoint.url = null
	sasl.oauthbearer.scope.claim.name = scope
	sasl.oauthbearer.sub.claim.name = sub
	sasl.oauthbearer.token.endpoint.url = null
	security.protocol = SASL_SSL
	security.providers = null
	send.buffer.bytes = 131072
	session.timeout.ms = 45000
	socket.connection.setup.timeout.max.ms = 30000
	socket.connection.setup.timeout.ms = 10000
	ssl.cipher.suites = null
	ssl.enabled.protocols = [TLSv1.2, TLSv1.3]
	ssl.endpoint.identification.algorithm = https
	ssl.engine.factory.class = null
	ssl.key.password = null
	ssl.keymanager.algorithm = SunX509
	ssl.keystore.certificate.chain = null
	ssl.keystore.key = null
	ssl.keystore.location = null
	ssl.keystore.password = null
	ssl.keystore.type = JKS
	ssl.protocol = TLSv1.3
	ssl.provider = null
	ssl.secure.random.implementation = null
	ssl.trustmanager.algorithm = PKIX
	ssl.truststore.certificates = null
	ssl.truststore.location = null
	ssl.truststore.password = null
	ssl.truststore.type = JKS
	value.deserializer = class org.springframework.kafka.support.serializer.JsonDeserializer
 
26-05-13 22:59:29.865 [main] INFO  o.a.k.c.s.a.AbstractLogin - Successfully logged in. 
26-05-13 22:59:30.416 [main] INFO  o.a.kafka.common.utils.AppInfoParser - Kafka version: 3.1.2 
26-05-13 22:59:30.420 [main] INFO  o.a.kafka.common.utils.AppInfoParser - Kafka commitId: f8c67dc3ae0a3265 
26-05-13 22:59:30.420 [main] INFO  o.a.kafka.common.utils.AppInfoParser - Kafka startTimeMs: 1778693370411 
26-05-13 22:59:30.427 [main] INFO  o.a.k.clients.consumer.KafkaConsumer - [Consumer clientId=consumer-weekly-sentiment-group-1, groupId=weekly-sentiment-group] Subscribed to topic(s): weekly-sentiments 
26-05-13 22:59:30.451 [main] INFO  o.a.coyote.http11.Http11NioProtocol - Starting ProtocolHandler ["http-nio-8080"] 
26-05-13 22:59:30.496 [main] INFO  o.s.b.w.e.tomcat.TomcatWebServer - Tomcat started on port(s): 8080 (http) with context path '' 
26-05-13 22:59:30.529 [main] INFO  n.s.journalApp.JournalApplication - Started JournalApplication in 6.846 seconds (JVM running for 8.598) 
26-05-13 22:59:31.160 [org.springframework.kafka.KafkaListenerEndpointContainer#0-0-C-1] INFO  o.apache.kafka.clients.NetworkClient - [Consumer clientId=consumer-weekly-sentiment-group-1, groupId=weekly-sentiment-group] Node -1 disconnected. 
26-05-13 22:59:31.164 [org.springframework.kafka.KafkaListenerEndpointContainer#0-0-C-1] WARN  o.apache.kafka.clients.NetworkClient - [Consumer clientId=consumer-weekly-sentiment-group-1, groupId=weekly-sentiment-group] Connection to node -1 (localhost/127.0.0.1:9092) terminated during authentication. This may happen due to any of the following reasons: (1) Authentication failed due to invalid credentials with brokers older than 1.0.0, (2) Firewall blocking Kafka TLS traffic (eg it may only allow HTTPS traffic), (3) Transient network issue. 
26-05-13 22:59:31.165 [org.springframework.kafka.KafkaListenerEndpointContainer#0-0-C-1] WARN  o.apache.kafka.clients.NetworkClient - [Consumer clientId=consumer-weekly-sentiment-group-1, groupId=weekly-sentiment-group] Bootstrap broker localhost:9092 (id: -1 rack: null) disconnected 
26-05-13 22:59:31.281 [org.springframework.kafka.KafkaListenerEndpointContainer#0-0-C-1] INFO  o.apache.kafka.clients.NetworkClient - [Consumer clientId=consumer-weekly-sentiment-group-1, groupId=weekly-sentiment-group] Node -1 disconnected. 
26-05-13 22:59:31.282 [org.springframework.kafka.KafkaListenerEndpointContainer#0-0-C-1] WARN  o.apache.kafka.clients.NetworkClient - [Consumer clientId=consumer-weekly-sentiment-group-1, groupId=weekly-sentiment-group] Connection to node -1 (localhost/127.0.0.1:9092) terminated during authentication. This may happen due to any of the following reasons: (1) Authentication failed due to invalid credentials with brokers older than 1.0.0, (2) Firewall blocking Kafka TLS traffic (eg it may only allow HTTPS traffic), (3) Transient network issue. 
26-05-13 22:59:31.283 [org.springframework.kafka.KafkaListenerEndpointContainer#0-0-C-1] WARN  o.apache.kafka.clients.NetworkClient - [Consumer clientId=consumer-weekly-sentiment-group-1, groupId=weekly-sentiment-group] Bootstrap broker localhost:9092 (id: -1 rack: null) disconnected 
26-05-13 22:59:31.406 [org.springframework.kafka.KafkaListenerEndpointContainer#0-0-C-1] INFO  o.apache.kafka.clients.NetworkClient - [Consumer clientId=consumer-weekly-sentiment-group-1, groupId=weekly-sentiment-group] Node -1 disconnected. 
26-05-13 22:59:31.407 [org.springframework.kafka.KafkaListenerEndpointContainer#0-0-C-1] WARN  o.apache.kafka.clients.NetworkClient - [Consumer clientId=consumer-weekly-sentiment-group-1, groupId=weekly-sentiment-group] Connection to node -1 (localhost/127.0.0.1:9092) terminated during authentication. This may happen due to any of the following reasons: (1) Authentication failed due to invalid credentials with brokers older than 1.0.0, (2) Firewall blocking Kafka TLS traffic (eg it may only allow HTTPS traffic), (3) Transient network issue. 
26-05-13 22:59:31.408 [org.springframework.kafka.KafkaListenerEndpointContainer#0-0-C-1] WARN  o.apache.kafka.clients.NetworkClient - [Consumer clientId=consumer-weekly-sentiment-group-1, groupId=weekly-sentiment-group] Bootstrap broker localhost:9092 (id: -1 rack: null) disconnected 
26-05-13 22:59:31.652 [org.springframework.kafka.KafkaListenerEndpointContainer#0-0-C-1] INFO  o.apache.kafka.clients.NetworkClient - [Consumer clientId=consumer-weekly-sentiment-group-1, groupId=weekly-sentiment-group] Node -1 disconnected. 
26-05-13 22:59:31.655 [org.springframework.kafka.KafkaListenerEndpointContainer#0-0-C-1] WARN  o.apache.kafka.clients.NetworkClient - [Consumer clientId=consumer-weekly-sentiment-group-1, groupId=weekly-sentiment-group] Connection to node -1 (localhost/127.0.0.1:9092) terminated during authentication. This may happen due to any of the following reasons: (1) Authentication failed due to invalid credentials with brokers older than 1.0.0, (2) Firewall blocking Kafka TLS traffic (eg it may only allow HTTPS traffic), (3) Transient network issue. 
26-05-13 22:59:31.656 [org.springframework.kafka.KafkaListenerEndpointContainer#0-0-C-1] WARN  o.apache.kafka.clients.NetworkClient - [Consumer clientId=consumer-weekly-sentiment-group-1, groupId=weekly-sentiment-group] Bootstrap broker localhost:9092 (id: -1 rack: null) disconnected 
26-05-13 22:59:32.328 [org.springframework.kafka.KafkaListenerEndpointContainer#0-0-C-1] INFO  o.apache.kafka.clients.NetworkClient - [Consumer clientId=consumer-weekly-sentiment-group-1, groupId=weekly-sentiment-group] Node -1 disconnected. 
26-05-13 22:59:32.331 [org.springframework.kafka.KafkaListenerEndpointContainer#0-0-C-1] WARN  o.apache.kafka.clients.NetworkClient - [Consumer clientId=consumer-weekly-sentiment-group-1, groupId=weekly-sentiment-group] Connection to node -1 (localhost/127.0.0.1:9092) terminated during authentication. This may happen due to any of the following reasons: (1) Authentication failed due to invalid credentials with brokers older than 1.0.0, (2) Firewall blocking Kafka TLS traffic (eg it may only allow HTTPS traffic), (3) Transient network issue. 
26-05-13 22:59:32.334 [org.springframework.kafka.KafkaListenerEndpointContainer#0-0-C-1] WARN  o.apache.kafka.clients.NetworkClient - [Consumer clientId=consumer-weekly-sentiment-group-1, groupId=weekly-sentiment-group] Bootstrap broker localhost:9092 (id: -1 rack: null) disconnected 
26-05-13 22:59:33.137 [org.springframework.kafka.KafkaListenerEndpointContainer#0-0-C-1] INFO  o.apache.kafka.clients.NetworkClient - [Consumer clientId=consumer-weekly-sentiment-group-1, groupId=weekly-sentiment-group] Node -1 disconnected. 
26-05-13 22:59:33.142 [org.springframework.kafka.KafkaListenerEndpointContainer#0-0-C-1] WARN  o.apache.kafka.clients.NetworkClient - [Consumer clientId=consumer-weekly-sentiment-group-1, groupId=weekly-sentiment-group] Connection to node -1 (localhost/127.0.0.1:9092) terminated during authentication. This may happen due to any of the following reasons: (1) Authentication failed due to invalid credentials with brokers older than 1.0.0, (2) Firewall blocking Kafka TLS traffic (eg it may only allow HTTPS traffic), (3) Transient network issue. 
26-05-13 22:59:33.145 [org.springframework.kafka.KafkaListenerEndpointContainer#0-0-C-1] WARN  o.apache.kafka.clients.NetworkClient - [Consumer clientId=consumer-weekly-sentiment-group-1, groupId=weekly-sentiment-group] Bootstrap broker localhost:9092 (id: -1 rack: null) disconnected 
26-05-13 22:59:34.018 [org.springframework.kafka.KafkaListenerEndpointContainer#0-0-C-1] INFO  o.apache.kafka.clients.NetworkClient - [Consumer clientId=consumer-weekly-sentiment-group-1, groupId=weekly-sentiment-group] Node -1 disconnected. 
26-05-13 22:59:34.020 [org.springframework.kafka.KafkaListenerEndpointContainer#0-0-C-1] WARN  o.apache.kafka.clients.NetworkClient - [Consumer clientId=consumer-weekly-sentiment-group-1, groupId=weekly-sentiment-group] Connection to node -1 (localhost/127.0.0.1:9092) terminated during authentication. This may happen due to any of the following reasons: (1) Authentication failed due to invalid credentials with brokers older than 1.0.0, (2) Firewall blocking Kafka TLS traffic (eg it may only allow HTTPS traffic), (3) Transient network issue. 
26-05-13 22:59:34.021 [org.springframework.kafka.KafkaListenerEndpointContainer#0-0-C-1] WARN  o.apache.kafka.clients.NetworkClient - [Consumer clientId=consumer-weekly-sentiment-group-1, groupId=weekly-sentiment-group] Bootstrap broker localhost:9092 (id: -1 rack: null) disconnected 
26-05-13 22:59:34.924 [org.springframework.kafka.KafkaListenerEndpointContainer#0-0-C-1] INFO  o.apache.kafka.clients.NetworkClient - [Consumer clientId=consumer-weekly-sentiment-group-1, groupId=weekly-sentiment-group] Node -1 disconnected. 
26-05-13 22:59:34.926 [org.springframework.kafka.KafkaListenerEndpointContainer#0-0-C-1] WARN  o.apache.kafka.clients.NetworkClient - [Consumer clientId=consumer-weekly-sentiment-group-1, groupId=weekly-sentiment-group] Connection to node -1 (localhost/127.0.0.1:9092) terminated during authentication. This may happen due to any of the following reasons: (1) Authentication failed due to invalid credentials with brokers older than 1.0.0, (2) Firewall blocking Kafka TLS traffic (eg it may only allow HTTPS traffic), (3) Transient network issue. 
26-05-13 22:59:34.926 [org.springframework.kafka.KafkaListenerEndpointContainer#0-0-C-1] WARN  o.apache.kafka.clients.NetworkClient - [Consumer clientId=consumer-weekly-sentiment-group-1, groupId=weekly-sentiment-group] Bootstrap broker localhost:9092 (id: -1 rack: null) disconnected 
26-05-13 22:59:36.095 [org.springframework.kafka.KafkaListenerEndpointContainer#0-0-C-1] INFO  o.apache.kafka.clients.NetworkClient - [Consumer clientId=consumer-weekly-sentiment-group-1, groupId=weekly-sentiment-group] Node -1 disconnected. 
26-05-13 22:59:36.096 [org.springframework.kafka.KafkaListenerEndpointContainer#0-0-C-1] WARN  o.apache.kafka.clients.NetworkClient - [Consumer clientId=consumer-weekly-sentiment-group-1, groupId=weekly-sentiment-group] Connection to node -1 (localhost/127.0.0.1:9092) terminated during authentication. This may happen due to any of the following reasons: (1) Authentication failed due to invalid credentials with brokers older than 1.0.0, (2) Firewall blocking Kafka TLS traffic (eg it may only allow HTTPS traffic), (3) Transient network issue. 
26-05-13 22:59:36.097 [org.springframework.kafka.KafkaListenerEndpointContainer#0-0-C-1] WARN  o.apache.kafka.clients.NetworkClient - [Consumer clientId=consumer-weekly-sentiment-group-1, groupId=weekly-sentiment-group] Bootstrap broker localhost:9092 (id: -1 rack: null) disconnected 
26-05-13 22:59:37.105 [org.springframework.kafka.KafkaListenerEndpointContainer#0-0-C-1] INFO  o.apache.kafka.clients.NetworkClient - [Consumer clientId=consumer-weekly-sentiment-group-1, groupId=weekly-sentiment-group] Node -1 disconnected. 
26-05-13 22:59:37.107 [org.springframework.kafka.KafkaListenerEndpointContainer#0-0-C-1] WARN  o.apache.kafka.clients.NetworkClient - [Consumer clientId=consumer-weekly-sentiment-group-1, groupId=weekly-sentiment-group] Connection to node -1 (localhost/127.0.0.1:9092) terminated during authentication. This may happen due to any of the following reasons: (1) Authentication failed due to invalid credentials with brokers older than 1.0.0, (2) Firewall blocking Kafka TLS traffic (eg it may only allow HTTPS traffic), (3) Transient network issue. 
26-05-13 22:59:37.107 [org.springframework.kafka.KafkaListenerEndpointContainer#0-0-C-1] WARN  o.apache.kafka.clients.NetworkClient - [Consumer clientId=consumer-weekly-sentiment-group-1, groupId=weekly-sentiment-group] Bootstrap broker localhost:9092 (id: -1 rack: null) disconnected 
26-05-13 22:59:38.099 [org.springframework.kafka.KafkaListenerEndpointContainer#0-0-C-1] INFO  o.apache.kafka.clients.NetworkClient - [Consumer clientId=consumer-weekly-sentiment-group-1, groupId=weekly-sentiment-group] Node -1 disconnected. 
26-05-13 22:59:38.101 [org.springframework.kafka.KafkaListenerEndpointContainer#0-0-C-1] WARN  o.apache.kafka.clients.NetworkClient - [Consumer clientId=consumer-weekly-sentiment-group-1, groupId=weekly-sentiment-group] Connection to node -1 (localhost/127.0.0.1:9092) terminated during authentication. This may happen due to any of the following reasons: (1) Authentication failed due to invalid credentials with brokers older than 1.0.0, (2) Firewall blocking Kafka TLS traffic (eg it may only allow HTTPS traffic), (3) Transient network issue. 
26-05-13 22:59:38.103 [org.springframework.kafka.KafkaListenerEndpointContainer#0-0-C-1] WARN  o.apache.kafka.clients.NetworkClient - [Consumer clientId=consumer-weekly-sentiment-group-1, groupId=weekly-sentiment-group] Bootstrap broker localhost:9092 (id: -1 rack: null) disconnected 
26-05-13 22:59:39.025 [org.springframework.kafka.KafkaListenerEndpointContainer#0-0-C-1] INFO  o.a.k.c.c.i.ConsumerCoordinator - [Consumer clientId=consumer-weekly-sentiment-group-1, groupId=weekly-sentiment-group] Resetting generation due to: consumer pro-actively leaving the group 
26-05-13 22:59:39.025 [org.springframework.kafka.KafkaListenerEndpointContainer#0-0-C-1] INFO  o.a.k.c.c.i.ConsumerCoordinator - [Consumer clientId=consumer-weekly-sentiment-group-1, groupId=weekly-sentiment-group] Request joining group due to: consumer pro-actively leaving the group 
26-05-13 22:59:39.025 [org.springframework.kafka.KafkaListenerEndpointContainer#0-0-C-1] INFO  o.a.k.clients.consumer.KafkaConsumer - [Consumer clientId=consumer-weekly-sentiment-group-1, groupId=weekly-sentiment-group] Unsubscribed all topics or patterns and assigned partitions 
26-05-13 22:59:39.025 [org.springframework.kafka.KafkaListenerEndpointContainer#0-0-C-1] INFO  o.a.k.c.c.i.ConsumerCoordinator - [Consumer clientId=consumer-weekly-sentiment-group-1, groupId=weekly-sentiment-group] Resetting generation due to: consumer pro-actively leaving the group 
26-05-13 22:59:39.027 [org.springframework.kafka.KafkaListenerEndpointContainer#0-0-C-1] INFO  o.a.k.c.c.i.ConsumerCoordinator - [Consumer clientId=consumer-weekly-sentiment-group-1, groupId=weekly-sentiment-group] Request joining group due to: consumer pro-actively leaving the group 
26-05-13 22:59:39.027 [org.springframework.kafka.KafkaListenerEndpointContainer#0-0-C-1] INFO  o.a.kafka.common.metrics.Metrics - Metrics scheduler closed 
26-05-13 22:59:39.028 [org.springframework.kafka.KafkaListenerEndpointContainer#0-0-C-1] INFO  o.a.kafka.common.metrics.Metrics - Closing reporter org.apache.kafka.common.metrics.JmxReporter 
26-05-13 22:59:39.028 [org.springframework.kafka.KafkaListenerEndpointContainer#0-0-C-1] INFO  o.a.kafka.common.metrics.Metrics - Metrics reporters closed 
26-05-13 22:59:39.032 [org.springframework.kafka.KafkaListenerEndpointContainer#0-0-C-1] INFO  o.a.kafka.common.utils.AppInfoParser - App info kafka.consumer for consumer-weekly-sentiment-group-1 unregistered 
26-05-13 22:59:39.032 [org.springframework.kafka.KafkaListenerEndpointContainer#0-0-C-1] INFO  o.s.k.l.KafkaMessageListenerContainer - weekly-sentiment-group: Consumer stopped 
