26-05-13 23:00:18.233 [main] INFO  n.s.journalApp.JournalApplication - Starting JournalApplication using Java 21.0.5 on RT0098 with PID 16744 (D:\React\journalApp\target\classes started by shashikantlohar in D:\React\journalApp) 
26-05-13 23:00:18.245 [main] INFO  n.s.journalApp.JournalApplication - No active profile set, falling back to 1 default profile: "default" 
26-05-13 23:00:19.286 [main] INFO  o.s.d.r.c.RepositoryConfigurationDelegate - Multiple Spring Data modules found, entering strict repository configuration mode 
26-05-13 23:00:19.288 [main] INFO  o.s.d.r.c.RepositoryConfigurationDelegate - Bootstrapping Spring Data MongoDB repositories in DEFAULT mode. 
26-05-13 23:00:19.465 [main] INFO  o.s.d.r.c.RepositoryConfigurationDelegate - Finished Spring Data repository scanning in 172 ms. Found 3 MongoDB repository interfaces. 
26-05-13 23:00:19.540 [main] INFO  o.s.d.r.c.RepositoryConfigurationDelegate - Multiple Spring Data modules found, entering strict repository configuration mode 
26-05-13 23:00:19.543 [main] INFO  o.s.d.r.c.RepositoryConfigurationDelegate - Bootstrapping Spring Data Redis repositories in DEFAULT mode. 
26-05-13 23:00:19.574 [main] INFO  o.s.d.r.c.RepositoryConfigurationExtensionSupport - Spring Data Redis - Could not safely identify store assignment for repository candidate interface net.shashikantlohar.journalApp.repository.ConfigJournalAppRepository; If you want this repository to be a Redis repository, consider annotating your entities with one of these annotations: org.springframework.data.redis.core.RedisHash (preferred), or consider extending one of the following types with your repository: org.springframework.data.keyvalue.repository.KeyValueRepository 
26-05-13 23:00:19.577 [main] INFO  o.s.d.r.c.RepositoryConfigurationExtensionSupport - Spring Data Redis - Could not safely identify store assignment for repository candidate interface net.shashikantlohar.journalApp.repository.JournalEntryRepository; If you want this repository to be a Redis repository, consider annotating your entities with one of these annotations: org.springframework.data.redis.core.RedisHash (preferred), or consider extending one of the following types with your repository: org.springframework.data.keyvalue.repository.KeyValueRepository 
26-05-13 23:00:19.578 [main] INFO  o.s.d.r.c.RepositoryConfigurationExtensionSupport - Spring Data Redis - Could not safely identify store assignment for repository candidate interface net.shashikantlohar.journalApp.repository.UserRepository; If you want this repository to be a Redis repository, consider annotating your entities with one of these annotations: org.springframework.data.redis.core.RedisHash (preferred), or consider extending one of the following types with your repository: org.springframework.data.keyvalue.repository.KeyValueRepository 
26-05-13 23:00:19.578 [main] INFO  o.s.d.r.c.RepositoryConfigurationDelegate - Finished Spring Data repository scanning in 18 ms. Found 0 Redis repository interfaces. 
26-05-13 23:00:20.301 [main] INFO  o.s.b.w.e.tomcat.TomcatWebServer - Tomcat initialized with port(s): 8080 (http) 
26-05-13 23:00:20.310 [main] INFO  o.a.coyote.http11.Http11NioProtocol - Initializing ProtocolHandler ["http-nio-8080"] 
26-05-13 23:00:20.312 [main] INFO  o.a.catalina.core.StandardService - Starting service [Tomcat] 
26-05-13 23:00:20.313 [main] INFO  o.a.catalina.core.StandardEngine - Starting Servlet engine: [Apache Tomcat/9.0.80] 
26-05-13 23:00:20.466 [main] INFO  o.a.c.c.C.[Tomcat].[localhost].[/] - Initializing Spring embedded WebApplicationContext 
26-05-13 23:00:20.467 [main] INFO  o.s.b.w.s.c.ServletWebServerApplicationContext - Root WebApplicationContext: initialization completed in 2037 ms 
26-05-13 23:00:20.644 [main] INFO  org.mongodb.driver.client - MongoClient with metadata {"driver": {"name": "mongo-java-driver|sync|spring-boot", "version": "4.6.1"}, "os": {"type": "Windows", "name": "Windows 11", "architecture": "amd64", "version": "10.0"}, "platform": "Java/Oracle Corporation/21.0.5+9-LTS-239"} created with settings MongoClientSettings{readPreference=primary, writeConcern=WriteConcern{w=null, wTimeout=null ms, journal=null}, retryWrites=true, retryReads=true, readConcern=ReadConcern{level=null}, credential=null, streamFactoryFactory=null, commandListeners=[], codecRegistry=ProvidersCodecRegistry{codecProviders=[ValueCodecProvider{}, BsonValueCodecProvider{}, DBRefCodecProvider{}, DBObjectCodecProvider{}, DocumentCodecProvider{}, IterableCodecProvider{}, MapCodecProvider{}, GeoJsonCodecProvider{}, GridFSFileCodecProvider{}, Jsr310CodecProvider{}, JsonObjectCodecProvider{}, BsonCodecProvider{}, EnumCodecProvider{}, com.mongodb.Jep395RecordCodecProvider@14fc9bd]}, clusterSettings={hosts=[localhost:27017], srvServiceName=mongodb, mode=SINGLE, requiredClusterType=UNKNOWN, requiredReplicaSetName='null', serverSelector='null', clusterListeners='[]', serverSelectionTimeout='30000 ms', localThreshold='30000 ms'}, socketSettings=SocketSettings{connectTimeoutMS=10000, readTimeoutMS=0, receiveBufferSize=0, sendBufferSize=0}, heartbeatSocketSettings=SocketSettings{connectTimeoutMS=10000, readTimeoutMS=10000, receiveBufferSize=0, sendBufferSize=0}, connectionPoolSettings=ConnectionPoolSettings{maxSize=100, minSize=0, maxWaitTimeMS=120000, maxConnectionLifeTimeMS=0, maxConnectionIdleTimeMS=0, maintenanceInitialDelayMS=0, maintenanceFrequencyMS=60000, connectionPoolListeners=[], maxConnecting=2}, serverSettings=ServerSettings{heartbeatFrequencyMS=10000, minHeartbeatFrequencyMS=500, serverListeners='[]', serverMonitorListeners='[]'}, sslSettings=SslSettings{enabled=false, invalidHostNameAllowed=false, context=null}, applicationName='null', compressorList=[], uuidRepresentation=JAVA_LEGACY, serverApi=null, autoEncryptionSettings=null, contextProvider=null} 
26-05-13 23:00:20.693 [cluster-ClusterId{value='6a04b52cc0a79a5c2039b375', description='null'}-localhost:27017] INFO  org.mongodb.driver.connection - Opened connection [connectionId{localValue:1, serverValue:47}] to localhost:27017 
26-05-13 23:00:20.693 [cluster-rtt-ClusterId{value='6a04b52cc0a79a5c2039b375', description='null'}-localhost:27017] INFO  org.mongodb.driver.connection - Opened connection [connectionId{localValue:2, serverValue:46}] to localhost:27017 
26-05-13 23:00:20.694 [cluster-ClusterId{value='6a04b52cc0a79a5c2039b375', description='null'}-localhost:27017] INFO  org.mongodb.driver.cluster - Monitor thread successfully connected to server with description ServerDescription{address=localhost:27017, type=STANDALONE, state=CONNECTED, ok=true, minWireVersion=0, maxWireVersion=25, maxDocumentSize=16777216, logicalSessionTimeoutMinutes=30, roundTripTimeNanos=40773700} 
26-05-13 23:00:20.988 [main] INFO  org.mongodb.driver.connection - Opened connection [connectionId{localValue:3, serverValue:48}] to localhost:27017 
26-05-13 23:00:22.100 [main] INFO  o.s.s.web.DefaultSecurityFilterChain - Will secure any request with [org.springframework.security.web.session.DisableEncodeUrlFilter@44a44a04, org.springframework.security.web.context.request.async.WebAsyncManagerIntegrationFilter@5a63fa71, org.springframework.security.web.context.SecurityContextPersistenceFilter@e171f93, org.springframework.security.web.header.HeaderWriterFilter@335cdd2, org.springframework.security.web.authentication.logout.LogoutFilter@1f3f434, net.shashikantlohar.journalApp.filter.JwtFilter@69ffdaa8, org.springframework.security.web.savedrequest.RequestCacheAwareFilter@5d7ff311, org.springframework.security.web.servletapi.SecurityContextHolderAwareRequestFilter@2cff03cf, org.springframework.security.web.authentication.AnonymousAuthenticationFilter@a6fc1bc, org.springframework.security.web.session.SessionManagementFilter@614d7fbf, org.springframework.security.web.access.ExceptionTranslationFilter@4b56b517, org.springframework.security.web.access.intercept.FilterSecurityInterceptor@3cb49121] 
26-05-13 23:00:23.604 [main] INFO  o.a.k.c.consumer.ConsumerConfig - ConsumerConfig values: 
	allow.auto.create.topics = true
	auto.commit.interval.ms = 5000
	auto.offset.reset = latest
	bootstrap.servers = [localhost:9092]
	check.crcs = true
	client.dns.lookup = use_all_dns_ips
	client.id = consumer-weekly-sentiment-group-1
	client.rack = 
	connections.max.idle.ms = 540000
	default.api.timeout.ms = 60000
	enable.auto.commit = false
	exclude.internal.topics = true
	fetch.max.bytes = 52428800
	fetch.max.wait.ms = 500
	fetch.min.bytes = 1
	group.id = weekly-sentiment-group
	group.instance.id = null
	heartbeat.interval.ms = 3000
	interceptor.classes = []
	internal.leave.group.on.close = true
	internal.throw.on.fetch.stable.offset.unsupported = false
	isolation.level = read_uncommitted
	key.deserializer = class org.apache.kafka.common.serialization.StringDeserializer
	max.partition.fetch.bytes = 1048576
	max.poll.interval.ms = 300000
	max.poll.records = 500
	metadata.max.age.ms = 300000
	metric.reporters = []
	metrics.num.samples = 2
	metrics.recording.level = INFO
	metrics.sample.window.ms = 30000
	partition.assignment.strategy = [class org.apache.kafka.clients.consumer.RangeAssignor, class org.apache.kafka.clients.consumer.CooperativeStickyAssignor]
	receive.buffer.bytes = 65536
	reconnect.backoff.max.ms = 1000
	reconnect.backoff.ms = 50
	request.timeout.ms = 30000
	retry.backoff.ms = 100
	sasl.client.callback.handler.class = null
	sasl.jaas.config = [hidden]
	sasl.kerberos.kinit.cmd = /usr/bin/kinit
	sasl.kerberos.min.time.before.relogin = 60000
	sasl.kerberos.service.name = null
	sasl.kerberos.ticket.renew.jitter = 0.05
	sasl.kerberos.ticket.renew.window.factor = 0.8
	sasl.login.callback.handler.class = null
	sasl.login.class = null
	sasl.login.connect.timeout.ms = null
	sasl.login.read.timeout.ms = null
	sasl.login.refresh.buffer.seconds = 300
	sasl.login.refresh.min.period.seconds = 60
	sasl.login.refresh.window.factor = 0.8
	sasl.login.refresh.window.jitter = 0.05
	sasl.login.retry.backoff.max.ms = 10000
	sasl.login.retry.backoff.ms = 100
	sasl.mechanism = PLAIN
	sasl.oauthbearer.clock.skew.seconds = 30
	sasl.oauthbearer.expected.audience = null
	sasl.oauthbearer.expected.issuer = null
	sasl.oauthbearer.jwks.endpoint.refresh.ms = 3600000
	sasl.oauthbearer.jwks.endpoint.retry.backoff.max.ms = 10000
	sasl.oauthbearer.jwks.endpoint.retry.backoff.ms = 100
	sasl.oauthbearer.jwks.endpoint.url = null
	sasl.oauthbearer.scope.claim.name = scope
	sasl.oauthbearer.sub.claim.name = sub
	sasl.oauthbearer.token.endpoint.url = null
	security.protocol = SASL_SSL
	security.providers = null
	send.buffer.bytes = 131072
	session.timeout.ms = 45000
	socket.connection.setup.timeout.max.ms = 30000
	socket.connection.setup.timeout.ms = 10000
	ssl.cipher.suites = null
	ssl.enabled.protocols = [TLSv1.2, TLSv1.3]
	ssl.endpoint.identification.algorithm = https
	ssl.engine.factory.class = null
	ssl.key.password = null
	ssl.keymanager.algorithm = SunX509
	ssl.keystore.certificate.chain = null
	ssl.keystore.key = null
	ssl.keystore.location = null
	ssl.keystore.password = null
	ssl.keystore.type = JKS
	ssl.protocol = TLSv1.3
	ssl.provider = null
	ssl.secure.random.implementation = null
	ssl.trustmanager.algorithm = PKIX
	ssl.truststore.certificates = null
	ssl.truststore.location = null
	ssl.truststore.password = null
	ssl.truststore.type = JKS
	value.deserializer = class org.springframework.kafka.support.serializer.JsonDeserializer
 
26-05-13 23:00:23.754 [main] INFO  o.a.k.c.s.a.AbstractLogin - Successfully logged in. 
26-05-13 23:00:24.105 [main] INFO  o.a.kafka.common.utils.AppInfoParser - Kafka version: 3.1.2 
26-05-13 23:00:24.107 [main] INFO  o.a.kafka.common.utils.AppInfoParser - Kafka commitId: f8c67dc3ae0a3265 
26-05-13 23:00:24.108 [main] INFO  o.a.kafka.common.utils.AppInfoParser - Kafka startTimeMs: 1778693424103 
26-05-13 23:00:24.111 [main] INFO  o.a.k.clients.consumer.KafkaConsumer - [Consumer clientId=consumer-weekly-sentiment-group-1, groupId=weekly-sentiment-group] Subscribed to topic(s): weekly-sentiments 
26-05-13 23:00:24.121 [main] INFO  o.a.coyote.http11.Http11NioProtocol - Starting ProtocolHandler ["http-nio-8080"] 
26-05-13 23:00:24.145 [main] INFO  o.s.b.w.e.tomcat.TomcatWebServer - Tomcat started on port(s): 8080 (http) with context path '' 
26-05-13 23:00:24.160 [main] INFO  n.s.journalApp.JournalApplication - Started JournalApplication in 6.831 seconds (JVM running for 7.559) 
26-05-13 23:00:24.531 [org.springframework.kafka.KafkaListenerEndpointContainer#0-0-C-1] INFO  o.apache.kafka.clients.NetworkClient - [Consumer clientId=consumer-weekly-sentiment-group-1, groupId=weekly-sentiment-group] Node -1 disconnected. 
26-05-13 23:00:24.536 [org.springframework.kafka.KafkaListenerEndpointContainer#0-0-C-1] WARN  o.apache.kafka.clients.NetworkClient - [Consumer clientId=consumer-weekly-sentiment-group-1, groupId=weekly-sentiment-group] Connection to node -1 (localhost/127.0.0.1:9092) terminated during authentication. This may happen due to any of the following reasons: (1) Authentication failed due to invalid credentials with brokers older than 1.0.0, (2) Firewall blocking Kafka TLS traffic (eg it may only allow HTTPS traffic), (3) Transient network issue. 
26-05-13 23:00:24.538 [org.springframework.kafka.KafkaListenerEndpointContainer#0-0-C-1] WARN  o.apache.kafka.clients.NetworkClient - [Consumer clientId=consumer-weekly-sentiment-group-1, groupId=weekly-sentiment-group] Bootstrap broker localhost:9092 (id: -1 rack: null) disconnected 
26-05-13 23:00:24.650 [org.springframework.kafka.KafkaListenerEndpointContainer#0-0-C-1] INFO  o.apache.kafka.clients.NetworkClient - [Consumer clientId=consumer-weekly-sentiment-group-1, groupId=weekly-sentiment-group] Node -1 disconnected. 
26-05-13 23:00:24.651 [org.springframework.kafka.KafkaListenerEndpointContainer#0-0-C-1] WARN  o.apache.kafka.clients.NetworkClient - [Consumer clientId=consumer-weekly-sentiment-group-1, groupId=weekly-sentiment-group] Connection to node -1 (localhost/127.0.0.1:9092) terminated during authentication. This may happen due to any of the following reasons: (1) Authentication failed due to invalid credentials with brokers older than 1.0.0, (2) Firewall blocking Kafka TLS traffic (eg it may only allow HTTPS traffic), (3) Transient network issue. 
26-05-13 23:00:24.652 [org.springframework.kafka.KafkaListenerEndpointContainer#0-0-C-1] WARN  o.apache.kafka.clients.NetworkClient - [Consumer clientId=consumer-weekly-sentiment-group-1, groupId=weekly-sentiment-group] Bootstrap broker localhost:9092 (id: -1 rack: null) disconnected 
26-05-13 23:00:24.771 [org.springframework.kafka.KafkaListenerEndpointContainer#0-0-C-1] INFO  o.apache.kafka.clients.NetworkClient - [Consumer clientId=consumer-weekly-sentiment-group-1, groupId=weekly-sentiment-group] Node -1 disconnected. 
26-05-13 23:00:24.772 [org.springframework.kafka.KafkaListenerEndpointContainer#0-0-C-1] WARN  o.apache.kafka.clients.NetworkClient - [Consumer clientId=consumer-weekly-sentiment-group-1, groupId=weekly-sentiment-group] Connection to node -1 (localhost/127.0.0.1:9092) terminated during authentication. This may happen due to any of the following reasons: (1) Authentication failed due to invalid credentials with brokers older than 1.0.0, (2) Firewall blocking Kafka TLS traffic (eg it may only allow HTTPS traffic), (3) Transient network issue. 
26-05-13 23:00:24.773 [org.springframework.kafka.KafkaListenerEndpointContainer#0-0-C-1] WARN  o.apache.kafka.clients.NetworkClient - [Consumer clientId=consumer-weekly-sentiment-group-1, groupId=weekly-sentiment-group] Bootstrap broker localhost:9092 (id: -1 rack: null) disconnected 
26-05-13 23:00:25.021 [org.springframework.kafka.KafkaListenerEndpointContainer#0-0-C-1] INFO  o.apache.kafka.clients.NetworkClient - [Consumer clientId=consumer-weekly-sentiment-group-1, groupId=weekly-sentiment-group] Node -1 disconnected. 
26-05-13 23:00:25.021 [org.springframework.kafka.KafkaListenerEndpointContainer#0-0-C-1] WARN  o.apache.kafka.clients.NetworkClient - [Consumer clientId=consumer-weekly-sentiment-group-1, groupId=weekly-sentiment-group] Connection to node -1 (localhost/127.0.0.1:9092) terminated during authentication. This may happen due to any of the following reasons: (1) Authentication failed due to invalid credentials with brokers older than 1.0.0, (2) Firewall blocking Kafka TLS traffic (eg it may only allow HTTPS traffic), (3) Transient network issue. 
26-05-13 23:00:25.022 [org.springframework.kafka.KafkaListenerEndpointContainer#0-0-C-1] WARN  o.apache.kafka.clients.NetworkClient - [Consumer clientId=consumer-weekly-sentiment-group-1, groupId=weekly-sentiment-group] Bootstrap broker localhost:9092 (id: -1 rack: null) disconnected 
26-05-13 23:00:25.377 [org.springframework.kafka.KafkaListenerEndpointContainer#0-0-C-1] INFO  o.apache.kafka.clients.NetworkClient - [Consumer clientId=consumer-weekly-sentiment-group-1, groupId=weekly-sentiment-group] Node -1 disconnected. 
26-05-13 23:00:25.378 [org.springframework.kafka.KafkaListenerEndpointContainer#0-0-C-1] WARN  o.apache.kafka.clients.NetworkClient - [Consumer clientId=consumer-weekly-sentiment-group-1, groupId=weekly-sentiment-group] Connection to node -1 (localhost/127.0.0.1:9092) terminated during authentication. This may happen due to any of the following reasons: (1) Authentication failed due to invalid credentials with brokers older than 1.0.0, (2) Firewall blocking Kafka TLS traffic (eg it may only allow HTTPS traffic), (3) Transient network issue. 
26-05-13 23:00:25.379 [org.springframework.kafka.KafkaListenerEndpointContainer#0-0-C-1] WARN  o.apache.kafka.clients.NetworkClient - [Consumer clientId=consumer-weekly-sentiment-group-1, groupId=weekly-sentiment-group] Bootstrap broker localhost:9092 (id: -1 rack: null) disconnected 
26-05-13 23:00:26.355 [org.springframework.kafka.KafkaListenerEndpointContainer#0-0-C-1] INFO  o.apache.kafka.clients.NetworkClient - [Consumer clientId=consumer-weekly-sentiment-group-1, groupId=weekly-sentiment-group] Node -1 disconnected. 
26-05-13 23:00:26.356 [org.springframework.kafka.KafkaListenerEndpointContainer#0-0-C-1] WARN  o.apache.kafka.clients.NetworkClient - [Consumer clientId=consumer-weekly-sentiment-group-1, groupId=weekly-sentiment-group] Connection to node -1 (localhost/127.0.0.1:9092) terminated during authentication. This may happen due to any of the following reasons: (1) Authentication failed due to invalid credentials with brokers older than 1.0.0, (2) Firewall blocking Kafka TLS traffic (eg it may only allow HTTPS traffic), (3) Transient network issue. 
26-05-13 23:00:26.356 [org.springframework.kafka.KafkaListenerEndpointContainer#0-0-C-1] WARN  o.apache.kafka.clients.NetworkClient - [Consumer clientId=consumer-weekly-sentiment-group-1, groupId=weekly-sentiment-group] Bootstrap broker localhost:9092 (id: -1 rack: null) disconnected 
26-05-13 23:00:27.400 [org.springframework.kafka.KafkaListenerEndpointContainer#0-0-C-1] INFO  o.apache.kafka.clients.NetworkClient - [Consumer clientId=consumer-weekly-sentiment-group-1, groupId=weekly-sentiment-group] Node -1 disconnected. 
26-05-13 23:00:27.401 [org.springframework.kafka.KafkaListenerEndpointContainer#0-0-C-1] WARN  o.apache.kafka.clients.NetworkClient - [Consumer clientId=consumer-weekly-sentiment-group-1, groupId=weekly-sentiment-group] Connection to node -1 (localhost/127.0.0.1:9092) terminated during authentication. This may happen due to any of the following reasons: (1) Authentication failed due to invalid credentials with brokers older than 1.0.0, (2) Firewall blocking Kafka TLS traffic (eg it may only allow HTTPS traffic), (3) Transient network issue. 
26-05-13 23:00:27.402 [org.springframework.kafka.KafkaListenerEndpointContainer#0-0-C-1] WARN  o.apache.kafka.clients.NetworkClient - [Consumer clientId=consumer-weekly-sentiment-group-1, groupId=weekly-sentiment-group] Bootstrap broker localhost:9092 (id: -1 rack: null) disconnected 
26-05-13 23:00:28.267 [org.springframework.kafka.KafkaListenerEndpointContainer#0-0-C-1] INFO  o.apache.kafka.clients.NetworkClient - [Consumer clientId=consumer-weekly-sentiment-group-1, groupId=weekly-sentiment-group] Node -1 disconnected. 
26-05-13 23:00:28.268 [org.springframework.kafka.KafkaListenerEndpointContainer#0-0-C-1] WARN  o.apache.kafka.clients.NetworkClient - [Consumer clientId=consumer-weekly-sentiment-group-1, groupId=weekly-sentiment-group] Connection to node -1 (localhost/127.0.0.1:9092) terminated during authentication. This may happen due to any of the following reasons: (1) Authentication failed due to invalid credentials with brokers older than 1.0.0, (2) Firewall blocking Kafka TLS traffic (eg it may only allow HTTPS traffic), (3) Transient network issue. 
26-05-13 23:00:28.268 [org.springframework.kafka.KafkaListenerEndpointContainer#0-0-C-1] WARN  o.apache.kafka.clients.NetworkClient - [Consumer clientId=consumer-weekly-sentiment-group-1, groupId=weekly-sentiment-group] Bootstrap broker localhost:9092 (id: -1 rack: null) disconnected 
26-05-13 23:00:29.259 [org.springframework.kafka.KafkaListenerEndpointContainer#0-0-C-1] INFO  o.apache.kafka.clients.NetworkClient - [Consumer clientId=consumer-weekly-sentiment-group-1, groupId=weekly-sentiment-group] Node -1 disconnected. 
26-05-13 23:00:29.260 [org.springframework.kafka.KafkaListenerEndpointContainer#0-0-C-1] WARN  o.apache.kafka.clients.NetworkClient - [Consumer clientId=consumer-weekly-sentiment-group-1, groupId=weekly-sentiment-group] Connection to node -1 (localhost/127.0.0.1:9092) terminated during authentication. This may happen due to any of the following reasons: (1) Authentication failed due to invalid credentials with brokers older than 1.0.0, (2) Firewall blocking Kafka TLS traffic (eg it may only allow HTTPS traffic), (3) Transient network issue. 
26-05-13 23:00:29.261 [org.springframework.kafka.KafkaListenerEndpointContainer#0-0-C-1] WARN  o.apache.kafka.clients.NetworkClient - [Consumer clientId=consumer-weekly-sentiment-group-1, groupId=weekly-sentiment-group] Bootstrap broker localhost:9092 (id: -1 rack: null) disconnected 
26-05-13 23:00:30.276 [org.springframework.kafka.KafkaListenerEndpointContainer#0-0-C-1] INFO  o.apache.kafka.clients.NetworkClient - [Consumer clientId=consumer-weekly-sentiment-group-1, groupId=weekly-sentiment-group] Node -1 disconnected. 
26-05-13 23:00:30.277 [org.springframework.kafka.KafkaListenerEndpointContainer#0-0-C-1] WARN  o.apache.kafka.clients.NetworkClient - [Consumer clientId=consumer-weekly-sentiment-group-1, groupId=weekly-sentiment-group] Connection to node -1 (localhost/127.0.0.1:9092) terminated during authentication. This may happen due to any of the following reasons: (1) Authentication failed due to invalid credentials with brokers older than 1.0.0, (2) Firewall blocking Kafka TLS traffic (eg it may only allow HTTPS traffic), (3) Transient network issue. 
26-05-13 23:00:30.277 [org.springframework.kafka.KafkaListenerEndpointContainer#0-0-C-1] WARN  o.apache.kafka.clients.NetworkClient - [Consumer clientId=consumer-weekly-sentiment-group-1, groupId=weekly-sentiment-group] Bootstrap broker localhost:9092 (id: -1 rack: null) disconnected 
26-05-13 23:00:31.376 [org.springframework.kafka.KafkaListenerEndpointContainer#0-0-C-1] INFO  o.apache.kafka.clients.NetworkClient - [Consumer clientId=consumer-weekly-sentiment-group-1, groupId=weekly-sentiment-group] Node -1 disconnected. 
26-05-13 23:00:31.378 [org.springframework.kafka.KafkaListenerEndpointContainer#0-0-C-1] WARN  o.apache.kafka.clients.NetworkClient - [Consumer clientId=consumer-weekly-sentiment-group-1, groupId=weekly-sentiment-group] Connection to node -1 (localhost/127.0.0.1:9092) terminated during authentication. This may happen due to any of the following reasons: (1) Authentication failed due to invalid credentials with brokers older than 1.0.0, (2) Firewall blocking Kafka TLS traffic (eg it may only allow HTTPS traffic), (3) Transient network issue. 
26-05-13 23:00:31.378 [org.springframework.kafka.KafkaListenerEndpointContainer#0-0-C-1] WARN  o.apache.kafka.clients.NetworkClient - [Consumer clientId=consumer-weekly-sentiment-group-1, groupId=weekly-sentiment-group] Bootstrap broker localhost:9092 (id: -1 rack: null) disconnected 
26-05-13 23:00:32.312 [org.springframework.kafka.KafkaListenerEndpointContainer#0-0-C-1] INFO  o.apache.kafka.clients.NetworkClient - [Consumer clientId=consumer-weekly-sentiment-group-1, groupId=weekly-sentiment-group] Node -1 disconnected. 
26-05-13 23:00:32.314 [org.springframework.kafka.KafkaListenerEndpointContainer#0-0-C-1] WARN  o.apache.kafka.clients.NetworkClient - [Consumer clientId=consumer-weekly-sentiment-group-1, groupId=weekly-sentiment-group] Connection to node -1 (localhost/127.0.0.1:9092) terminated during authentication. This may happen due to any of the following reasons: (1) Authentication failed due to invalid credentials with brokers older than 1.0.0, (2) Firewall blocking Kafka TLS traffic (eg it may only allow HTTPS traffic), (3) Transient network issue. 
26-05-13 23:00:32.315 [org.springframework.kafka.KafkaListenerEndpointContainer#0-0-C-1] WARN  o.apache.kafka.clients.NetworkClient - [Consumer clientId=consumer-weekly-sentiment-group-1, groupId=weekly-sentiment-group] Bootstrap broker localhost:9092 (id: -1 rack: null) disconnected 
26-05-13 23:00:33.423 [org.springframework.kafka.KafkaListenerEndpointContainer#0-0-C-1] INFO  o.apache.kafka.clients.NetworkClient - [Consumer clientId=consumer-weekly-sentiment-group-1, groupId=weekly-sentiment-group] Node -1 disconnected. 
26-05-13 23:00:33.425 [org.springframework.kafka.KafkaListenerEndpointContainer#0-0-C-1] WARN  o.apache.kafka.clients.NetworkClient - [Consumer clientId=consumer-weekly-sentiment-group-1, groupId=weekly-sentiment-group] Connection to node -1 (localhost/127.0.0.1:9092) terminated during authentication. This may happen due to any of the following reasons: (1) Authentication failed due to invalid credentials with brokers older than 1.0.0, (2) Firewall blocking Kafka TLS traffic (eg it may only allow HTTPS traffic), (3) Transient network issue. 
26-05-13 23:00:33.426 [org.springframework.kafka.KafkaListenerEndpointContainer#0-0-C-1] WARN  o.apache.kafka.clients.NetworkClient - [Consumer clientId=consumer-weekly-sentiment-group-1, groupId=weekly-sentiment-group] Bootstrap broker localhost:9092 (id: -1 rack: null) disconnected 
26-05-13 23:00:34.454 [org.springframework.kafka.KafkaListenerEndpointContainer#0-0-C-1] INFO  o.apache.kafka.clients.NetworkClient - [Consumer clientId=consumer-weekly-sentiment-group-1, groupId=weekly-sentiment-group] Node -1 disconnected. 
26-05-13 23:00:34.455 [org.springframework.kafka.KafkaListenerEndpointContainer#0-0-C-1] WARN  o.apache.kafka.clients.NetworkClient - [Consumer clientId=consumer-weekly-sentiment-group-1, groupId=weekly-sentiment-group] Connection to node -1 (localhost/127.0.0.1:9092) terminated during authentication. This may happen due to any of the following reasons: (1) Authentication failed due to invalid credentials with brokers older than 1.0.0, (2) Firewall blocking Kafka TLS traffic (eg it may only allow HTTPS traffic), (3) Transient network issue. 
26-05-13 23:00:34.456 [org.springframework.kafka.KafkaListenerEndpointContainer#0-0-C-1] WARN  o.apache.kafka.clients.NetworkClient - [Consumer clientId=consumer-weekly-sentiment-group-1, groupId=weekly-sentiment-group] Bootstrap broker localhost:9092 (id: -1 rack: null) disconnected 
26-05-13 23:00:35.336 [org.springframework.kafka.KafkaListenerEndpointContainer#0-0-C-1] INFO  o.apache.kafka.clients.NetworkClient - [Consumer clientId=consumer-weekly-sentiment-group-1, groupId=weekly-sentiment-group] Node -1 disconnected. 
26-05-13 23:00:35.338 [org.springframework.kafka.KafkaListenerEndpointContainer#0-0-C-1] WARN  o.apache.kafka.clients.NetworkClient - [Consumer clientId=consumer-weekly-sentiment-group-1, groupId=weekly-sentiment-group] Connection to node -1 (localhost/127.0.0.1:9092) terminated during authentication. This may happen due to any of the following reasons: (1) Authentication failed due to invalid credentials with brokers older than 1.0.0, (2) Firewall blocking Kafka TLS traffic (eg it may only allow HTTPS traffic), (3) Transient network issue. 
26-05-13 23:00:35.339 [org.springframework.kafka.KafkaListenerEndpointContainer#0-0-C-1] WARN  o.apache.kafka.clients.NetworkClient - [Consumer clientId=consumer-weekly-sentiment-group-1, groupId=weekly-sentiment-group] Bootstrap broker localhost:9092 (id: -1 rack: null) disconnected 
26-05-13 23:00:36.462 [org.springframework.kafka.KafkaListenerEndpointContainer#0-0-C-1] INFO  o.apache.kafka.clients.NetworkClient - [Consumer clientId=consumer-weekly-sentiment-group-1, groupId=weekly-sentiment-group] Node -1 disconnected. 
26-05-13 23:00:36.466 [org.springframework.kafka.KafkaListenerEndpointContainer#0-0-C-1] WARN  o.apache.kafka.clients.NetworkClient - [Consumer clientId=consumer-weekly-sentiment-group-1, groupId=weekly-sentiment-group] Connection to node -1 (localhost/127.0.0.1:9092) terminated during authentication. This may happen due to any of the following reasons: (1) Authentication failed due to invalid credentials with brokers older than 1.0.0, (2) Firewall blocking Kafka TLS traffic (eg it may only allow HTTPS traffic), (3) Transient network issue. 
26-05-13 23:00:36.467 [org.springframework.kafka.KafkaListenerEndpointContainer#0-0-C-1] WARN  o.apache.kafka.clients.NetworkClient - [Consumer clientId=consumer-weekly-sentiment-group-1, groupId=weekly-sentiment-group] Bootstrap broker localhost:9092 (id: -1 rack: null) disconnected 
26-05-13 23:00:37.693 [org.springframework.kafka.KafkaListenerEndpointContainer#0-0-C-1] INFO  o.apache.kafka.clients.NetworkClient - [Consumer clientId=consumer-weekly-sentiment-group-1, groupId=weekly-sentiment-group] Node -1 disconnected. 
26-05-13 23:00:37.693 [org.springframework.kafka.KafkaListenerEndpointContainer#0-0-C-1] WARN  o.apache.kafka.clients.NetworkClient - [Consumer clientId=consumer-weekly-sentiment-group-1, groupId=weekly-sentiment-group] Connection to node -1 (localhost/127.0.0.1:9092) terminated during authentication. This may happen due to any of the following reasons: (1) Authentication failed due to invalid credentials with brokers older than 1.0.0, (2) Firewall blocking Kafka TLS traffic (eg it may only allow HTTPS traffic), (3) Transient network issue. 
26-05-13 23:00:37.693 [org.springframework.kafka.KafkaListenerEndpointContainer#0-0-C-1] WARN  o.apache.kafka.clients.NetworkClient - [Consumer clientId=consumer-weekly-sentiment-group-1, groupId=weekly-sentiment-group] Bootstrap broker localhost:9092 (id: -1 rack: null) disconnected 
26-05-13 23:00:38.758 [org.springframework.kafka.KafkaListenerEndpointContainer#0-0-C-1] INFO  o.apache.kafka.clients.NetworkClient - [Consumer clientId=consumer-weekly-sentiment-group-1, groupId=weekly-sentiment-group] Node -1 disconnected. 
26-05-13 23:00:38.760 [org.springframework.kafka.KafkaListenerEndpointContainer#0-0-C-1] WARN  o.apache.kafka.clients.NetworkClient - [Consumer clientId=consumer-weekly-sentiment-group-1, groupId=weekly-sentiment-group] Connection to node -1 (localhost/127.0.0.1:9092) terminated during authentication. This may happen due to any of the following reasons: (1) Authentication failed due to invalid credentials with brokers older than 1.0.0, (2) Firewall blocking Kafka TLS traffic (eg it may only allow HTTPS traffic), (3) Transient network issue. 
26-05-13 23:00:38.760 [org.springframework.kafka.KafkaListenerEndpointContainer#0-0-C-1] WARN  o.apache.kafka.clients.NetworkClient - [Consumer clientId=consumer-weekly-sentiment-group-1, groupId=weekly-sentiment-group] Bootstrap broker localhost:9092 (id: -1 rack: null) disconnected 
26-05-13 23:00:39.612 [org.springframework.kafka.KafkaListenerEndpointContainer#0-0-C-1] INFO  o.apache.kafka.clients.NetworkClient - [Consumer clientId=consumer-weekly-sentiment-group-1, groupId=weekly-sentiment-group] Node -1 disconnected. 
26-05-13 23:00:39.613 [org.springframework.kafka.KafkaListenerEndpointContainer#0-0-C-1] WARN  o.apache.kafka.clients.NetworkClient - [Consumer clientId=consumer-weekly-sentiment-group-1, groupId=weekly-sentiment-group] Connection to node -1 (localhost/127.0.0.1:9092) terminated during authentication. This may happen due to any of the following reasons: (1) Authentication failed due to invalid credentials with brokers older than 1.0.0, (2) Firewall blocking Kafka TLS traffic (eg it may only allow HTTPS traffic), (3) Transient network issue. 
26-05-13 23:00:39.613 [org.springframework.kafka.KafkaListenerEndpointContainer#0-0-C-1] WARN  o.apache.kafka.clients.NetworkClient - [Consumer clientId=consumer-weekly-sentiment-group-1, groupId=weekly-sentiment-group] Bootstrap broker localhost:9092 (id: -1 rack: null) disconnected 
26-05-13 23:00:40.582 [org.springframework.kafka.KafkaListenerEndpointContainer#0-0-C-1] INFO  o.apache.kafka.clients.NetworkClient - [Consumer clientId=consumer-weekly-sentiment-group-1, groupId=weekly-sentiment-group] Node -1 disconnected. 
26-05-13 23:00:40.583 [org.springframework.kafka.KafkaListenerEndpointContainer#0-0-C-1] WARN  o.apache.kafka.clients.NetworkClient - [Consumer clientId=consumer-weekly-sentiment-group-1, groupId=weekly-sentiment-group] Connection to node -1 (localhost/127.0.0.1:9092) terminated during authentication. This may happen due to any of the following reasons: (1) Authentication failed due to invalid credentials with brokers older than 1.0.0, (2) Firewall blocking Kafka TLS traffic (eg it may only allow HTTPS traffic), (3) Transient network issue. 
26-05-13 23:00:40.584 [org.springframework.kafka.KafkaListenerEndpointContainer#0-0-C-1] WARN  o.apache.kafka.clients.NetworkClient - [Consumer clientId=consumer-weekly-sentiment-group-1, groupId=weekly-sentiment-group] Bootstrap broker localhost:9092 (id: -1 rack: null) disconnected 
26-05-13 23:00:41.455 [org.springframework.kafka.KafkaListenerEndpointContainer#0-0-C-1] INFO  o.apache.kafka.clients.NetworkClient - [Consumer clientId=consumer-weekly-sentiment-group-1, groupId=weekly-sentiment-group] Node -1 disconnected. 
26-05-13 23:00:41.457 [org.springframework.kafka.KafkaListenerEndpointContainer#0-0-C-1] WARN  o.apache.kafka.clients.NetworkClient - [Consumer clientId=consumer-weekly-sentiment-group-1, groupId=weekly-sentiment-group] Connection to node -1 (localhost/127.0.0.1:9092) terminated during authentication. This may happen due to any of the following reasons: (1) Authentication failed due to invalid credentials with brokers older than 1.0.0, (2) Firewall blocking Kafka TLS traffic (eg it may only allow HTTPS traffic), (3) Transient network issue. 
26-05-13 23:00:41.457 [org.springframework.kafka.KafkaListenerEndpointContainer#0-0-C-1] WARN  o.apache.kafka.clients.NetworkClient - [Consumer clientId=consumer-weekly-sentiment-group-1, groupId=weekly-sentiment-group] Bootstrap broker localhost:9092 (id: -1 rack: null) disconnected 
26-05-13 23:00:42.691 [org.springframework.kafka.KafkaListenerEndpointContainer#0-0-C-1] INFO  o.apache.kafka.clients.NetworkClient - [Consumer clientId=consumer-weekly-sentiment-group-1, groupId=weekly-sentiment-group] Node -1 disconnected. 
26-05-13 23:00:42.716 [org.springframework.kafka.KafkaListenerEndpointContainer#0-0-C-1] WARN  o.apache.kafka.clients.NetworkClient - [Consumer clientId=consumer-weekly-sentiment-group-1, groupId=weekly-sentiment-group] Connection to node -1 (localhost/127.0.0.1:9092) terminated during authentication. This may happen due to any of the following reasons: (1) Authentication failed due to invalid credentials with brokers older than 1.0.0, (2) Firewall blocking Kafka TLS traffic (eg it may only allow HTTPS traffic), (3) Transient network issue. 
26-05-13 23:00:42.719 [org.springframework.kafka.KafkaListenerEndpointContainer#0-0-C-1] WARN  o.apache.kafka.clients.NetworkClient - [Consumer clientId=consumer-weekly-sentiment-group-1, groupId=weekly-sentiment-group] Bootstrap broker localhost:9092 (id: -1 rack: null) disconnected 
26-05-13 23:00:43.826 [org.springframework.kafka.KafkaListenerEndpointContainer#0-0-C-1] INFO  o.apache.kafka.clients.NetworkClient - [Consumer clientId=consumer-weekly-sentiment-group-1, groupId=weekly-sentiment-group] Node -1 disconnected. 
26-05-13 23:00:43.828 [org.springframework.kafka.KafkaListenerEndpointContainer#0-0-C-1] WARN  o.apache.kafka.clients.NetworkClient - [Consumer clientId=consumer-weekly-sentiment-group-1, groupId=weekly-sentiment-group] Connection to node -1 (localhost/127.0.0.1:9092) terminated during authentication. This may happen due to any of the following reasons: (1) Authentication failed due to invalid credentials with brokers older than 1.0.0, (2) Firewall blocking Kafka TLS traffic (eg it may only allow HTTPS traffic), (3) Transient network issue. 
26-05-13 23:00:43.828 [org.springframework.kafka.KafkaListenerEndpointContainer#0-0-C-1] WARN  o.apache.kafka.clients.NetworkClient - [Consumer clientId=consumer-weekly-sentiment-group-1, groupId=weekly-sentiment-group] Bootstrap broker localhost:9092 (id: -1 rack: null) disconnected 
26-05-13 23:00:45.031 [org.springframework.kafka.KafkaListenerEndpointContainer#0-0-C-1] INFO  o.apache.kafka.clients.NetworkClient - [Consumer clientId=consumer-weekly-sentiment-group-1, groupId=weekly-sentiment-group] Node -1 disconnected. 
26-05-13 23:00:45.033 [org.springframework.kafka.KafkaListenerEndpointContainer#0-0-C-1] WARN  o.apache.kafka.clients.NetworkClient - [Consumer clientId=consumer-weekly-sentiment-group-1, groupId=weekly-sentiment-group] Connection to node -1 (localhost/127.0.0.1:9092) terminated during authentication. This may happen due to any of the following reasons: (1) Authentication failed due to invalid credentials with brokers older than 1.0.0, (2) Firewall blocking Kafka TLS traffic (eg it may only allow HTTPS traffic), (3) Transient network issue. 
26-05-13 23:00:45.033 [org.springframework.kafka.KafkaListenerEndpointContainer#0-0-C-1] WARN  o.apache.kafka.clients.NetworkClient - [Consumer clientId=consumer-weekly-sentiment-group-1, groupId=weekly-sentiment-group] Bootstrap broker localhost:9092 (id: -1 rack: null) disconnected 
26-05-13 23:00:46.232 [org.springframework.kafka.KafkaListenerEndpointContainer#0-0-C-1] INFO  o.apache.kafka.clients.NetworkClient - [Consumer clientId=consumer-weekly-sentiment-group-1, groupId=weekly-sentiment-group] Node -1 disconnected. 
26-05-13 23:00:46.233 [org.springframework.kafka.KafkaListenerEndpointContainer#0-0-C-1] WARN  o.apache.kafka.clients.NetworkClient - [Consumer clientId=consumer-weekly-sentiment-group-1, groupId=weekly-sentiment-group] Connection to node -1 (localhost/127.0.0.1:9092) terminated during authentication. This may happen due to any of the following reasons: (1) Authentication failed due to invalid credentials with brokers older than 1.0.0, (2) Firewall blocking Kafka TLS traffic (eg it may only allow HTTPS traffic), (3) Transient network issue. 
26-05-13 23:00:46.233 [org.springframework.kafka.KafkaListenerEndpointContainer#0-0-C-1] WARN  o.apache.kafka.clients.NetworkClient - [Consumer clientId=consumer-weekly-sentiment-group-1, groupId=weekly-sentiment-group] Bootstrap broker localhost:9092 (id: -1 rack: null) disconnected 
26-05-13 23:00:47.167 [org.springframework.kafka.KafkaListenerEndpointContainer#0-0-C-1] INFO  o.apache.kafka.clients.NetworkClient - [Consumer clientId=consumer-weekly-sentiment-group-1, groupId=weekly-sentiment-group] Node -1 disconnected. 
26-05-13 23:00:47.170 [org.springframework.kafka.KafkaListenerEndpointContainer#0-0-C-1] WARN  o.apache.kafka.clients.NetworkClient - [Consumer clientId=consumer-weekly-sentiment-group-1, groupId=weekly-sentiment-group] Connection to node -1 (localhost/127.0.0.1:9092) terminated during authentication. This may happen due to any of the following reasons: (1) Authentication failed due to invalid credentials with brokers older than 1.0.0, (2) Firewall blocking Kafka TLS traffic (eg it may only allow HTTPS traffic), (3) Transient network issue. 
26-05-13 23:00:47.172 [org.springframework.kafka.KafkaListenerEndpointContainer#0-0-C-1] WARN  o.apache.kafka.clients.NetworkClient - [Consumer clientId=consumer-weekly-sentiment-group-1, groupId=weekly-sentiment-group] Bootstrap broker localhost:9092 (id: -1 rack: null) disconnected 
26-05-13 23:00:48.158 [org.springframework.kafka.KafkaListenerEndpointContainer#0-0-C-1] INFO  o.apache.kafka.clients.NetworkClient - [Consumer clientId=consumer-weekly-sentiment-group-1, groupId=weekly-sentiment-group] Node -1 disconnected. 
26-05-13 23:00:48.158 [org.springframework.kafka.KafkaListenerEndpointContainer#0-0-C-1] WARN  o.apache.kafka.clients.NetworkClient - [Consumer clientId=consumer-weekly-sentiment-group-1, groupId=weekly-sentiment-group] Connection to node -1 (localhost/127.0.0.1:9092) terminated during authentication. This may happen due to any of the following reasons: (1) Authentication failed due to invalid credentials with brokers older than 1.0.0, (2) Firewall blocking Kafka TLS traffic (eg it may only allow HTTPS traffic), (3) Transient network issue. 
26-05-13 23:00:48.159 [org.springframework.kafka.KafkaListenerEndpointContainer#0-0-C-1] WARN  o.apache.kafka.clients.NetworkClient - [Consumer clientId=consumer-weekly-sentiment-group-1, groupId=weekly-sentiment-group] Bootstrap broker localhost:9092 (id: -1 rack: null) disconnected 
26-05-13 23:00:49.062 [org.springframework.kafka.KafkaListenerEndpointContainer#0-0-C-1] INFO  o.apache.kafka.clients.NetworkClient - [Consumer clientId=consumer-weekly-sentiment-group-1, groupId=weekly-sentiment-group] Node -1 disconnected. 
26-05-13 23:00:49.063 [org.springframework.kafka.KafkaListenerEndpointContainer#0-0-C-1] WARN  o.apache.kafka.clients.NetworkClient - [Consumer clientId=consumer-weekly-sentiment-group-1, groupId=weekly-sentiment-group] Connection to node -1 (localhost/127.0.0.1:9092) terminated during authentication. This may happen due to any of the following reasons: (1) Authentication failed due to invalid credentials with brokers older than 1.0.0, (2) Firewall blocking Kafka TLS traffic (eg it may only allow HTTPS traffic), (3) Transient network issue. 
26-05-13 23:00:49.064 [org.springframework.kafka.KafkaListenerEndpointContainer#0-0-C-1] WARN  o.apache.kafka.clients.NetworkClient - [Consumer clientId=consumer-weekly-sentiment-group-1, groupId=weekly-sentiment-group] Bootstrap broker localhost:9092 (id: -1 rack: null) disconnected 
26-05-13 23:00:50.024 [org.springframework.kafka.KafkaListenerEndpointContainer#0-0-C-1] INFO  o.apache.kafka.clients.NetworkClient - [Consumer clientId=consumer-weekly-sentiment-group-1, groupId=weekly-sentiment-group] Node -1 disconnected. 
26-05-13 23:00:50.025 [org.springframework.kafka.KafkaListenerEndpointContainer#0-0-C-1] WARN  o.apache.kafka.clients.NetworkClient - [Consumer clientId=consumer-weekly-sentiment-group-1, groupId=weekly-sentiment-group] Connection to node -1 (localhost/127.0.0.1:9092) terminated during authentication. This may happen due to any of the following reasons: (1) Authentication failed due to invalid credentials with brokers older than 1.0.0, (2) Firewall blocking Kafka TLS traffic (eg it may only allow HTTPS traffic), (3) Transient network issue. 
26-05-13 23:00:50.026 [org.springframework.kafka.KafkaListenerEndpointContainer#0-0-C-1] WARN  o.apache.kafka.clients.NetworkClient - [Consumer clientId=consumer-weekly-sentiment-group-1, groupId=weekly-sentiment-group] Bootstrap broker localhost:9092 (id: -1 rack: null) disconnected 
26-05-13 23:00:50.889 [org.springframework.kafka.KafkaListenerEndpointContainer#0-0-C-1] INFO  o.apache.kafka.clients.NetworkClient - [Consumer clientId=consumer-weekly-sentiment-group-1, groupId=weekly-sentiment-group] Node -1 disconnected. 
26-05-13 23:00:50.890 [org.springframework.kafka.KafkaListenerEndpointContainer#0-0-C-1] WARN  o.apache.kafka.clients.NetworkClient - [Consumer clientId=consumer-weekly-sentiment-group-1, groupId=weekly-sentiment-group] Connection to node -1 (localhost/127.0.0.1:9092) terminated during authentication. This may happen due to any of the following reasons: (1) Authentication failed due to invalid credentials with brokers older than 1.0.0, (2) Firewall blocking Kafka TLS traffic (eg it may only allow HTTPS traffic), (3) Transient network issue. 
26-05-13 23:00:50.890 [org.springframework.kafka.KafkaListenerEndpointContainer#0-0-C-1] WARN  o.apache.kafka.clients.NetworkClient - [Consumer clientId=consumer-weekly-sentiment-group-1, groupId=weekly-sentiment-group] Bootstrap broker localhost:9092 (id: -1 rack: null) disconnected 
26-05-13 23:00:51.975 [org.springframework.kafka.KafkaListenerEndpointContainer#0-0-C-1] INFO  o.apache.kafka.clients.NetworkClient - [Consumer clientId=consumer-weekly-sentiment-group-1, groupId=weekly-sentiment-group] Node -1 disconnected. 
26-05-13 23:00:51.976 [org.springframework.kafka.KafkaListenerEndpointContainer#0-0-C-1] WARN  o.apache.kafka.clients.NetworkClient - [Consumer clientId=consumer-weekly-sentiment-group-1, groupId=weekly-sentiment-group] Connection to node -1 (localhost/127.0.0.1:9092) terminated during authentication. This may happen due to any of the following reasons: (1) Authentication failed due to invalid credentials with brokers older than 1.0.0, (2) Firewall blocking Kafka TLS traffic (eg it may only allow HTTPS traffic), (3) Transient network issue. 
26-05-13 23:00:51.978 [org.springframework.kafka.KafkaListenerEndpointContainer#0-0-C-1] WARN  o.apache.kafka.clients.NetworkClient - [Consumer clientId=consumer-weekly-sentiment-group-1, groupId=weekly-sentiment-group] Bootstrap broker localhost:9092 (id: -1 rack: null) disconnected 
26-05-13 23:00:53.223 [org.springframework.kafka.KafkaListenerEndpointContainer#0-0-C-1] INFO  o.apache.kafka.clients.NetworkClient - [Consumer clientId=consumer-weekly-sentiment-group-1, groupId=weekly-sentiment-group] Node -1 disconnected. 
26-05-13 23:00:53.225 [org.springframework.kafka.KafkaListenerEndpointContainer#0-0-C-1] WARN  o.apache.kafka.clients.NetworkClient - [Consumer clientId=consumer-weekly-sentiment-group-1, groupId=weekly-sentiment-group] Connection to node -1 (localhost/127.0.0.1:9092) terminated during authentication. This may happen due to any of the following reasons: (1) Authentication failed due to invalid credentials with brokers older than 1.0.0, (2) Firewall blocking Kafka TLS traffic (eg it may only allow HTTPS traffic), (3) Transient network issue. 
26-05-13 23:00:53.231 [org.springframework.kafka.KafkaListenerEndpointContainer#0-0-C-1] WARN  o.apache.kafka.clients.NetworkClient - [Consumer clientId=consumer-weekly-sentiment-group-1, groupId=weekly-sentiment-group] Bootstrap broker localhost:9092 (id: -1 rack: null) disconnected 
26-05-13 23:00:54.371 [org.springframework.kafka.KafkaListenerEndpointContainer#0-0-C-1] INFO  o.apache.kafka.clients.NetworkClient - [Consumer clientId=consumer-weekly-sentiment-group-1, groupId=weekly-sentiment-group] Node -1 disconnected. 
26-05-13 23:00:54.371 [org.springframework.kafka.KafkaListenerEndpointContainer#0-0-C-1] WARN  o.apache.kafka.clients.NetworkClient - [Consumer clientId=consumer-weekly-sentiment-group-1, groupId=weekly-sentiment-group] Connection to node -1 (localhost/127.0.0.1:9092) terminated during authentication. This may happen due to any of the following reasons: (1) Authentication failed due to invalid credentials with brokers older than 1.0.0, (2) Firewall blocking Kafka TLS traffic (eg it may only allow HTTPS traffic), (3) Transient network issue. 
26-05-13 23:00:54.373 [org.springframework.kafka.KafkaListenerEndpointContainer#0-0-C-1] WARN  o.apache.kafka.clients.NetworkClient - [Consumer clientId=consumer-weekly-sentiment-group-1, groupId=weekly-sentiment-group] Bootstrap broker localhost:9092 (id: -1 rack: null) disconnected 
26-05-13 23:00:55.242 [org.springframework.kafka.KafkaListenerEndpointContainer#0-0-C-1] INFO  o.apache.kafka.clients.NetworkClient - [Consumer clientId=consumer-weekly-sentiment-group-1, groupId=weekly-sentiment-group] Node -1 disconnected. 
26-05-13 23:00:55.245 [org.springframework.kafka.KafkaListenerEndpointContainer#0-0-C-1] WARN  o.apache.kafka.clients.NetworkClient - [Consumer clientId=consumer-weekly-sentiment-group-1, groupId=weekly-sentiment-group] Connection to node -1 (localhost/127.0.0.1:9092) terminated during authentication. This may happen due to any of the following reasons: (1) Authentication failed due to invalid credentials with brokers older than 1.0.0, (2) Firewall blocking Kafka TLS traffic (eg it may only allow HTTPS traffic), (3) Transient network issue. 
26-05-13 23:00:55.245 [org.springframework.kafka.KafkaListenerEndpointContainer#0-0-C-1] WARN  o.apache.kafka.clients.NetworkClient - [Consumer clientId=consumer-weekly-sentiment-group-1, groupId=weekly-sentiment-group] Bootstrap broker localhost:9092 (id: -1 rack: null) disconnected 
26-05-13 23:00:56.267 [org.springframework.kafka.KafkaListenerEndpointContainer#0-0-C-1] INFO  o.apache.kafka.clients.NetworkClient - [Consumer clientId=consumer-weekly-sentiment-group-1, groupId=weekly-sentiment-group] Node -1 disconnected. 
26-05-13 23:00:56.270 [org.springframework.kafka.KafkaListenerEndpointContainer#0-0-C-1] WARN  o.apache.kafka.clients.NetworkClient - [Consumer clientId=consumer-weekly-sentiment-group-1, groupId=weekly-sentiment-group] Connection to node -1 (localhost/127.0.0.1:9092) terminated during authentication. This may happen due to any of the following reasons: (1) Authentication failed due to invalid credentials with brokers older than 1.0.0, (2) Firewall blocking Kafka TLS traffic (eg it may only allow HTTPS traffic), (3) Transient network issue. 
26-05-13 23:00:56.280 [org.springframework.kafka.KafkaListenerEndpointContainer#0-0-C-1] WARN  o.apache.kafka.clients.NetworkClient - [Consumer clientId=consumer-weekly-sentiment-group-1, groupId=weekly-sentiment-group] Bootstrap broker localhost:9092 (id: -1 rack: null) disconnected 
26-05-13 23:00:57.428 [org.springframework.kafka.KafkaListenerEndpointContainer#0-0-C-1] INFO  o.apache.kafka.clients.NetworkClient - [Consumer clientId=consumer-weekly-sentiment-group-1, groupId=weekly-sentiment-group] Node -1 disconnected. 
26-05-13 23:00:57.434 [org.springframework.kafka.KafkaListenerEndpointContainer#0-0-C-1] WARN  o.apache.kafka.clients.NetworkClient - [Consumer clientId=consumer-weekly-sentiment-group-1, groupId=weekly-sentiment-group] Connection to node -1 (localhost/127.0.0.1:9092) terminated during authentication. This may happen due to any of the following reasons: (1) Authentication failed due to invalid credentials with brokers older than 1.0.0, (2) Firewall blocking Kafka TLS traffic (eg it may only allow HTTPS traffic), (3) Transient network issue. 
26-05-13 23:00:57.438 [org.springframework.kafka.KafkaListenerEndpointContainer#0-0-C-1] WARN  o.apache.kafka.clients.NetworkClient - [Consumer clientId=consumer-weekly-sentiment-group-1, groupId=weekly-sentiment-group] Bootstrap broker localhost:9092 (id: -1 rack: null) disconnected 
26-05-13 23:00:58.379 [org.springframework.kafka.KafkaListenerEndpointContainer#0-0-C-1] INFO  o.apache.kafka.clients.NetworkClient - [Consumer clientId=consumer-weekly-sentiment-group-1, groupId=weekly-sentiment-group] Node -1 disconnected. 
26-05-13 23:00:58.384 [org.springframework.kafka.KafkaListenerEndpointContainer#0-0-C-1] WARN  o.apache.kafka.clients.NetworkClient - [Consumer clientId=consumer-weekly-sentiment-group-1, groupId=weekly-sentiment-group] Connection to node -1 (localhost/127.0.0.1:9092) terminated during authentication. This may happen due to any of the following reasons: (1) Authentication failed due to invalid credentials with brokers older than 1.0.0, (2) Firewall blocking Kafka TLS traffic (eg it may only allow HTTPS traffic), (3) Transient network issue. 
26-05-13 23:00:58.395 [org.springframework.kafka.KafkaListenerEndpointContainer#0-0-C-1] WARN  o.apache.kafka.clients.NetworkClient - [Consumer clientId=consumer-weekly-sentiment-group-1, groupId=weekly-sentiment-group] Bootstrap broker localhost:9092 (id: -1 rack: null) disconnected 
26-05-13 23:00:59.420 [org.springframework.kafka.KafkaListenerEndpointContainer#0-0-C-1] INFO  o.apache.kafka.clients.NetworkClient - [Consumer clientId=consumer-weekly-sentiment-group-1, groupId=weekly-sentiment-group] Node -1 disconnected. 
26-05-13 23:00:59.421 [org.springframework.kafka.KafkaListenerEndpointContainer#0-0-C-1] WARN  o.apache.kafka.clients.NetworkClient - [Consumer clientId=consumer-weekly-sentiment-group-1, groupId=weekly-sentiment-group] Connection to node -1 (localhost/127.0.0.1:9092) terminated during authentication. This may happen due to any of the following reasons: (1) Authentication failed due to invalid credentials with brokers older than 1.0.0, (2) Firewall blocking Kafka TLS traffic (eg it may only allow HTTPS traffic), (3) Transient network issue. 
26-05-13 23:00:59.422 [org.springframework.kafka.KafkaListenerEndpointContainer#0-0-C-1] WARN  o.apache.kafka.clients.NetworkClient - [Consumer clientId=consumer-weekly-sentiment-group-1, groupId=weekly-sentiment-group] Bootstrap broker localhost:9092 (id: -1 rack: null) disconnected 
