26-05-13 22:58:13.664 [main] INFO  o.s.b.t.c.SpringBootTestContextBootstrapper - Neither @ContextConfiguration nor @ContextHierarchy found for test class [net.shashikantlohar.journalApp.cron.UserSchedulersTest], using SpringBootContextLoader 
26-05-13 22:58:13.690 [main] INFO  o.s.t.c.s.AbstractContextLoader - Could not detect default resource locations for test class [net.shashikantlohar.journalApp.cron.UserSchedulersTest]: no resource found for suffixes {-context.xml, Context.groovy}. 
26-05-13 22:58:13.694 [main] INFO  o.s.t.c.s.AnnotationConfigContextLoaderUtils - Could not detect default configuration classes for test class [net.shashikantlohar.journalApp.cron.UserSchedulersTest]: UserSchedulersTest does not declare any static, non-private, non-final, nested classes annotated with @Configuration. 
26-05-13 22:58:14.199 [main] INFO  o.s.b.t.c.SpringBootTestContextBootstrapper - Found @SpringBootConfiguration net.shashikantlohar.journalApp.JournalApplication for test class net.shashikantlohar.journalApp.cron.UserSchedulersTest 
26-05-13 22:58:14.389 [main] INFO  o.s.b.t.c.SpringBootTestContextBootstrapper - Loaded default TestExecutionListener class names from location [META-INF/spring.factories]: [org.springframework.boot.test.mock.mockito.MockitoTestExecutionListener, org.springframework.boot.test.mock.mockito.ResetMocksTestExecutionListener, org.springframework.boot.test.autoconfigure.restdocs.RestDocsTestExecutionListener, org.springframework.boot.test.autoconfigure.web.client.MockRestServiceServerResetTestExecutionListener, org.springframework.boot.test.autoconfigure.web.servlet.MockMvcPrintOnlyOnFailureTestExecutionListener, org.springframework.boot.test.autoconfigure.web.servlet.WebDriverTestExecutionListener, org.springframework.boot.test.autoconfigure.webservices.client.MockWebServiceServerTestExecutionListener, org.springframework.test.context.web.ServletTestExecutionListener, org.springframework.test.context.support.DirtiesContextBeforeModesTestExecutionListener, org.springframework.test.context.event.ApplicationEventsTestExecutionListener, org.springframework.test.context.support.DependencyInjectionTestExecutionListener, org.springframework.test.context.support.DirtiesContextTestExecutionListener, org.springframework.test.context.transaction.TransactionalTestExecutionListener, org.springframework.test.context.jdbc.SqlScriptsTestExecutionListener, org.springframework.test.context.event.EventPublishingTestExecutionListener] 
26-05-13 22:58:14.435 [main] INFO  o.s.b.t.c.SpringBootTestContextBootstrapper - Using TestExecutionListeners: [org.springframework.test.context.web.ServletTestExecutionListener@655f7ea, org.springframework.test.context.support.DirtiesContextBeforeModesTestExecutionListener@549949be, org.springframework.test.context.event.ApplicationEventsTestExecutionListener@4b3a45f1, org.springframework.boot.test.mock.mockito.MockitoTestExecutionListener@17a87e37, org.springframework.boot.test.autoconfigure.SpringBootDependencyInjectionTestExecutionListener@3eeb318f, org.springframework.test.context.support.DirtiesContextTestExecutionListener@20a14b55, org.springframework.test.context.transaction.TransactionalTestExecutionListener@39ad977d, org.springframework.test.context.jdbc.SqlScriptsTestExecutionListener@6da00fb9, org.springframework.test.context.event.EventPublishingTestExecutionListener@a202ccb, org.springframework.boot.test.mock.mockito.ResetMocksTestExecutionListener@20f12539, org.springframework.boot.test.autoconfigure.restdocs.RestDocsTestExecutionListener@75b25825, org.springframework.boot.test.autoconfigure.web.client.MockRestServiceServerResetTestExecutionListener@18025ced, org.springframework.boot.test.autoconfigure.web.servlet.MockMvcPrintOnlyOnFailureTestExecutionListener@13cf7d52, org.springframework.boot.test.autoconfigure.web.servlet.WebDriverTestExecutionListener@3a3e4aff, org.springframework.boot.test.autoconfigure.webservices.client.MockWebServiceServerTestExecutionListener@5d2a4eed] 
26-05-13 22:58:15.749 [main] INFO  n.s.j.cron.UserSchedulersTest - Starting UserSchedulersTest using Java 21.0.5 on RT0098 with PID 28760 (started by shashikantlohar in D:\React\journalApp) 
26-05-13 22:58:15.753 [main] INFO  n.s.j.cron.UserSchedulersTest - No active profile set, falling back to 1 default profile: "default" 
26-05-13 22:58:18.161 [main] INFO  o.s.d.r.c.RepositoryConfigurationDelegate - Multiple Spring Data modules found, entering strict repository configuration mode 
26-05-13 22:58:18.169 [main] INFO  o.s.d.r.c.RepositoryConfigurationDelegate - Bootstrapping Spring Data MongoDB repositories in DEFAULT mode. 
26-05-13 22:58:18.483 [main] INFO  o.s.d.r.c.RepositoryConfigurationDelegate - Finished Spring Data repository scanning in 286 ms. Found 3 MongoDB repository interfaces. 
26-05-13 22:58:18.537 [main] INFO  o.s.d.r.c.RepositoryConfigurationDelegate - Multiple Spring Data modules found, entering strict repository configuration mode 
26-05-13 22:58:18.539 [main] INFO  o.s.d.r.c.RepositoryConfigurationDelegate - Bootstrapping Spring Data Redis repositories in DEFAULT mode. 
26-05-13 22:58:18.591 [main] INFO  o.s.d.r.c.RepositoryConfigurationExtensionSupport - Spring Data Redis - Could not safely identify store assignment for repository candidate interface net.shashikantlohar.journalApp.repository.ConfigJournalAppRepository; If you want this repository to be a Redis repository, consider annotating your entities with one of these annotations: org.springframework.data.redis.core.RedisHash (preferred), or consider extending one of the following types with your repository: org.springframework.data.keyvalue.repository.KeyValueRepository 
26-05-13 22:58:18.596 [main] INFO  o.s.d.r.c.RepositoryConfigurationExtensionSupport - Spring Data Redis - Could not safely identify store assignment for repository candidate interface net.shashikantlohar.journalApp.repository.JournalEntryRepository; If you want this repository to be a Redis repository, consider annotating your entities with one of these annotations: org.springframework.data.redis.core.RedisHash (preferred), or consider extending one of the following types with your repository: org.springframework.data.keyvalue.repository.KeyValueRepository 
26-05-13 22:58:18.598 [main] INFO  o.s.d.r.c.RepositoryConfigurationExtensionSupport - Spring Data Redis - Could not safely identify store assignment for repository candidate interface net.shashikantlohar.journalApp.repository.UserRepository; If you want this repository to be a Redis repository, consider annotating your entities with one of these annotations: org.springframework.data.redis.core.RedisHash (preferred), or consider extending one of the following types with your repository: org.springframework.data.keyvalue.repository.KeyValueRepository 
26-05-13 22:58:18.599 [main] INFO  o.s.d.r.c.RepositoryConfigurationDelegate - Finished Spring Data repository scanning in 27 ms. Found 0 Redis repository interfaces. 
26-05-13 22:58:19.934 [main] INFO  org.mongodb.driver.client - MongoClient with metadata {"driver": {"name": "mongo-java-driver|sync|spring-boot", "version": "4.6.1"}, "os": {"type": "Windows", "name": "Windows 11", "architecture": "amd64", "version": "10.0"}, "platform": "Java/Oracle Corporation/21.0.5+9-LTS-239"} created with settings MongoClientSettings{readPreference=primary, writeConcern=WriteConcern{w=null, wTimeout=null ms, journal=null}, retryWrites=true, retryReads=true, readConcern=ReadConcern{level=null}, credential=null, streamFactoryFactory=null, commandListeners=[], codecRegistry=ProvidersCodecRegistry{codecProviders=[ValueCodecProvider{}, BsonValueCodecProvider{}, DBRefCodecProvider{}, DBObjectCodecProvider{}, DocumentCodecProvider{}, IterableCodecProvider{}, MapCodecProvider{}, GeoJsonCodecProvider{}, GridFSFileCodecProvider{}, Jsr310CodecProvider{}, JsonObjectCodecProvider{}, BsonCodecProvider{}, EnumCodecProvider{}, com.mongodb.Jep395RecordCodecProvider@4d518c66]}, clusterSettings={hosts=[localhost:27017], srvServiceName=mongodb, mode=SINGLE, requiredClusterType=UNKNOWN, requiredReplicaSetName='null', serverSelector='null', clusterListeners='[]', serverSelectionTimeout='30000 ms', localThreshold='30000 ms'}, socketSettings=SocketSettings{connectTimeoutMS=10000, readTimeoutMS=0, receiveBufferSize=0, sendBufferSize=0}, heartbeatSocketSettings=SocketSettings{connectTimeoutMS=10000, readTimeoutMS=10000, receiveBufferSize=0, sendBufferSize=0}, connectionPoolSettings=ConnectionPoolSettings{maxSize=100, minSize=0, maxWaitTimeMS=120000, maxConnectionLifeTimeMS=0, maxConnectionIdleTimeMS=0, maintenanceInitialDelayMS=0, maintenanceFrequencyMS=60000, connectionPoolListeners=[], maxConnecting=2}, serverSettings=ServerSettings{heartbeatFrequencyMS=10000, minHeartbeatFrequencyMS=500, serverListeners='[]', serverMonitorListeners='[]'}, sslSettings=SslSettings{enabled=false, invalidHostNameAllowed=false, context=null}, applicationName='null', compressorList=[], uuidRepresentation=JAVA_LEGACY, serverApi=null, autoEncryptionSettings=null, contextProvider=null} 
26-05-13 22:58:20.145 [cluster-ClusterId{value='6a04b4b320b24c651d030053', description='null'}-localhost:27017] INFO  org.mongodb.driver.connection - Opened connection [connectionId{localValue:2, serverValue:41}] to localhost:27017 
26-05-13 22:58:20.146 [cluster-rtt-ClusterId{value='6a04b4b320b24c651d030053', description='null'}-localhost:27017] INFO  org.mongodb.driver.connection - Opened connection [connectionId{localValue:1, serverValue:40}] to localhost:27017 
26-05-13 22:58:20.146 [cluster-ClusterId{value='6a04b4b320b24c651d030053', description='null'}-localhost:27017] INFO  org.mongodb.driver.cluster - Monitor thread successfully connected to server with description ServerDescription{address=localhost:27017, type=STANDALONE, state=CONNECTED, ok=true, minWireVersion=0, maxWireVersion=25, maxDocumentSize=16777216, logicalSessionTimeoutMinutes=30, roundTripTimeNanos=171997500} 
26-05-13 22:58:21.074 [main] INFO  org.mongodb.driver.connection - Opened connection [connectionId{localValue:3, serverValue:42}] to localhost:27017 
26-05-13 22:58:24.579 [main] INFO  o.s.s.web.DefaultSecurityFilterChain - Will secure any request with [org.springframework.security.web.session.DisableEncodeUrlFilter@64540344, org.springframework.security.web.context.request.async.WebAsyncManagerIntegrationFilter@b2d8dcd, org.springframework.security.web.context.SecurityContextPersistenceFilter@e60c5a, org.springframework.security.web.header.HeaderWriterFilter@fefb66c, org.springframework.security.web.authentication.logout.LogoutFilter@4c164f81, net.shashikantlohar.journalApp.filter.JwtFilter@4bbc21bd, org.springframework.security.web.savedrequest.RequestCacheAwareFilter@2411b935, org.springframework.security.web.servletapi.SecurityContextHolderAwareRequestFilter@5d22ed6c, org.springframework.security.web.authentication.AnonymousAuthenticationFilter@1c98fe6f, org.springframework.security.web.session.SessionManagementFilter@2c2e5e72, org.springframework.security.web.access.ExceptionTranslationFilter@29ea5e0, org.springframework.security.web.access.intercept.FilterSecurityInterceptor@42cd0fc6] 
26-05-13 22:58:27.835 [main] INFO  o.a.k.c.consumer.ConsumerConfig - ConsumerConfig values: 
	allow.auto.create.topics = true
	auto.commit.interval.ms = 5000
	auto.offset.reset = latest
	bootstrap.servers = [localhost:9092]
	check.crcs = true
	client.dns.lookup = use_all_dns_ips
	client.id = consumer-weekly-sentiment-group-1
	client.rack = 
	connections.max.idle.ms = 540000
	default.api.timeout.ms = 60000
	enable.auto.commit = false
	exclude.internal.topics = true
	fetch.max.bytes = 52428800
	fetch.max.wait.ms = 500
	fetch.min.bytes = 1
	group.id = weekly-sentiment-group
	group.instance.id = null
	heartbeat.interval.ms = 3000
	interceptor.classes = []
	internal.leave.group.on.close = true
	internal.throw.on.fetch.stable.offset.unsupported = false
	isolation.level = read_uncommitted
	key.deserializer = class org.apache.kafka.common.serialization.StringDeserializer
	max.partition.fetch.bytes = 1048576
	max.poll.interval.ms = 300000
	max.poll.records = 500
	metadata.max.age.ms = 300000
	metric.reporters = []
	metrics.num.samples = 2
	metrics.recording.level = INFO
	metrics.sample.window.ms = 30000
	partition.assignment.strategy = [class org.apache.kafka.clients.consumer.RangeAssignor, class org.apache.kafka.clients.consumer.CooperativeStickyAssignor]
	receive.buffer.bytes = 65536
	reconnect.backoff.max.ms = 1000
	reconnect.backoff.ms = 50
	request.timeout.ms = 30000
	retry.backoff.ms = 100
	sasl.client.callback.handler.class = null
	sasl.jaas.config = [hidden]
	sasl.kerberos.kinit.cmd = /usr/bin/kinit
	sasl.kerberos.min.time.before.relogin = 60000
	sasl.kerberos.service.name = null
	sasl.kerberos.ticket.renew.jitter = 0.05
	sasl.kerberos.ticket.renew.window.factor = 0.8
	sasl.login.callback.handler.class = null
	sasl.login.class = null
	sasl.login.connect.timeout.ms = null
	sasl.login.read.timeout.ms = null
	sasl.login.refresh.buffer.seconds = 300
	sasl.login.refresh.min.period.seconds = 60
	sasl.login.refresh.window.factor = 0.8
	sasl.login.refresh.window.jitter = 0.05
	sasl.login.retry.backoff.max.ms = 10000
	sasl.login.retry.backoff.ms = 100
	sasl.mechanism = PLAIN
	sasl.oauthbearer.clock.skew.seconds = 30
	sasl.oauthbearer.expected.audience = null
	sasl.oauthbearer.expected.issuer = null
	sasl.oauthbearer.jwks.endpoint.refresh.ms = 3600000
	sasl.oauthbearer.jwks.endpoint.retry.backoff.max.ms = 10000
	sasl.oauthbearer.jwks.endpoint.retry.backoff.ms = 100
	sasl.oauthbearer.jwks.endpoint.url = null
	sasl.oauthbearer.scope.claim.name = scope
	sasl.oauthbearer.sub.claim.name = sub
	sasl.oauthbearer.token.endpoint.url = null
	security.protocol = SASL_SSL
	security.providers = null
	send.buffer.bytes = 131072
	session.timeout.ms = 45000
	socket.connection.setup.timeout.max.ms = 30000
	socket.connection.setup.timeout.ms = 10000
	ssl.cipher.suites = null
	ssl.enabled.protocols = [TLSv1.2, TLSv1.3]
	ssl.endpoint.identification.algorithm = https
	ssl.engine.factory.class = null
	ssl.key.password = null
	ssl.keymanager.algorithm = SunX509
	ssl.keystore.certificate.chain = null
	ssl.keystore.key = null
	ssl.keystore.location = null
	ssl.keystore.password = null
	ssl.keystore.type = JKS
	ssl.protocol = TLSv1.3
	ssl.provider = null
	ssl.secure.random.implementation = null
	ssl.trustmanager.algorithm = PKIX
	ssl.truststore.certificates = null
	ssl.truststore.location = null
	ssl.truststore.password = null
	ssl.truststore.type = JKS
	value.deserializer = class org.springframework.kafka.support.serializer.JsonDeserializer
 
26-05-13 22:58:28.366 [main] INFO  o.a.k.c.s.a.AbstractLogin - Successfully logged in. 
26-05-13 22:58:28.875 [main] INFO  o.a.kafka.common.utils.AppInfoParser - Kafka version: 3.1.2 
26-05-13 22:58:28.880 [main] INFO  o.a.kafka.common.utils.AppInfoParser - Kafka commitId: f8c67dc3ae0a3265 
26-05-13 22:58:28.880 [main] INFO  o.a.kafka.common.utils.AppInfoParser - Kafka startTimeMs: 1778693308870 
26-05-13 22:58:28.884 [main] INFO  o.a.k.clients.consumer.KafkaConsumer - [Consumer clientId=consumer-weekly-sentiment-group-1, groupId=weekly-sentiment-group] Subscribed to topic(s): weekly-sentiments 
26-05-13 22:58:28.940 [main] INFO  n.s.j.cron.UserSchedulersTest - Started UserSchedulersTest in 14.416 seconds (JVM running for 17.483) 
26-05-13 22:58:29.603 [main] INFO  o.s.b.t.c.SpringBootTestContextBootstrapper - Neither @ContextConfiguration nor @ContextHierarchy found for test class [net.shashikantlohar.journalApp.JournalAppApplicationTests], using SpringBootContextLoader 
26-05-13 22:58:29.605 [main] INFO  o.s.t.c.s.AbstractContextLoader - Could not detect default resource locations for test class [net.shashikantlohar.journalApp.JournalAppApplicationTests]: no resource found for suffixes {-context.xml, Context.groovy}. 
26-05-13 22:58:29.605 [main] INFO  o.s.t.c.s.AnnotationConfigContextLoaderUtils - Could not detect default configuration classes for test class [net.shashikantlohar.journalApp.JournalAppApplicationTests]: JournalAppApplicationTests does not declare any static, non-private, non-final, nested classes annotated with @Configuration. 
26-05-13 22:58:29.613 [main] INFO  o.s.b.t.c.SpringBootTestContextBootstrapper - Found @SpringBootConfiguration net.shashikantlohar.journalApp.JournalApplication for test class net.shashikantlohar.journalApp.JournalAppApplicationTests 
26-05-13 22:58:29.617 [main] INFO  o.s.b.t.c.SpringBootTestContextBootstrapper - Loaded default TestExecutionListener class names from location [META-INF/spring.factories]: [org.springframework.boot.test.mock.mockito.MockitoTestExecutionListener, org.springframework.boot.test.mock.mockito.ResetMocksTestExecutionListener, org.springframework.boot.test.autoconfigure.restdocs.RestDocsTestExecutionListener, org.springframework.boot.test.autoconfigure.web.client.MockRestServiceServerResetTestExecutionListener, org.springframework.boot.test.autoconfigure.web.servlet.MockMvcPrintOnlyOnFailureTestExecutionListener, org.springframework.boot.test.autoconfigure.web.servlet.WebDriverTestExecutionListener, org.springframework.boot.test.autoconfigure.webservices.client.MockWebServiceServerTestExecutionListener, org.springframework.test.context.web.ServletTestExecutionListener, org.springframework.test.context.support.DirtiesContextBeforeModesTestExecutionListener, org.springframework.test.context.event.ApplicationEventsTestExecutionListener, org.springframework.test.context.support.DependencyInjectionTestExecutionListener, org.springframework.test.context.support.DirtiesContextTestExecutionListener, org.springframework.test.context.transaction.TransactionalTestExecutionListener, org.springframework.test.context.jdbc.SqlScriptsTestExecutionListener, org.springframework.test.context.event.EventPublishingTestExecutionListener] 
26-05-13 22:58:29.619 [main] INFO  o.s.b.t.c.SpringBootTestContextBootstrapper - Using TestExecutionListeners: [org.springframework.test.context.web.ServletTestExecutionListener@4f63909f, org.springframework.test.context.support.DirtiesContextBeforeModesTestExecutionListener@3ae91bcc, org.springframework.test.context.event.ApplicationEventsTestExecutionListener@679886ad, org.springframework.boot.test.mock.mockito.MockitoTestExecutionListener@5625e7e1, org.springframework.boot.test.autoconfigure.SpringBootDependencyInjectionTestExecutionListener@59172d2, org.springframework.test.context.support.DirtiesContextTestExecutionListener@77d42ed7, org.springframework.test.context.transaction.TransactionalTestExecutionListener@54da736e, org.springframework.test.context.jdbc.SqlScriptsTestExecutionListener@2d398cfb, org.springframework.test.context.event.EventPublishingTestExecutionListener@23307c6c, org.springframework.boot.test.mock.mockito.ResetMocksTestExecutionListener@75c45c4b, org.springframework.boot.test.autoconfigure.restdocs.RestDocsTestExecutionListener@7202009e, org.springframework.boot.test.autoconfigure.web.client.MockRestServiceServerResetTestExecutionListener@133d0471, org.springframework.boot.test.autoconfigure.web.servlet.MockMvcPrintOnlyOnFailureTestExecutionListener@33cec966, org.springframework.boot.test.autoconfigure.web.servlet.WebDriverTestExecutionListener@643fed50, org.springframework.boot.test.autoconfigure.webservices.client.MockWebServiceServerTestExecutionListener@65b07b9] 
26-05-13 22:58:29.636 [main] INFO  o.s.b.t.c.SpringBootTestContextBootstrapper - Neither @ContextConfiguration nor @ContextHierarchy found for test class [net.shashikantlohar.journalApp.repository.UserRepositoryImplTests], using SpringBootContextLoader 
26-05-13 22:58:29.636 [main] INFO  o.s.t.c.s.AbstractContextLoader - Could not detect default resource locations for test class [net.shashikantlohar.journalApp.repository.UserRepositoryImplTests]: no resource found for suffixes {-context.xml, Context.groovy}. 
26-05-13 22:58:29.637 [main] INFO  o.s.t.c.s.AnnotationConfigContextLoaderUtils - Could not detect default configuration classes for test class [net.shashikantlohar.journalApp.repository.UserRepositoryImplTests]: UserRepositoryImplTests does not declare any static, non-private, non-final, nested classes annotated with @Configuration. 
26-05-13 22:58:29.654 [main] INFO  o.s.b.t.c.SpringBootTestContextBootstrapper - Found @SpringBootConfiguration net.shashikantlohar.journalApp.JournalApplication for test class net.shashikantlohar.journalApp.repository.UserRepositoryImplTests 
26-05-13 22:58:29.658 [main] INFO  o.s.b.t.c.SpringBootTestContextBootstrapper - Loaded default TestExecutionListener class names from location [META-INF/spring.factories]: [org.springframework.boot.test.mock.mockito.MockitoTestExecutionListener, org.springframework.boot.test.mock.mockito.ResetMocksTestExecutionListener, org.springframework.boot.test.autoconfigure.restdocs.RestDocsTestExecutionListener, org.springframework.boot.test.autoconfigure.web.client.MockRestServiceServerResetTestExecutionListener, org.springframework.boot.test.autoconfigure.web.servlet.MockMvcPrintOnlyOnFailureTestExecutionListener, org.springframework.boot.test.autoconfigure.web.servlet.WebDriverTestExecutionListener, org.springframework.boot.test.autoconfigure.webservices.client.MockWebServiceServerTestExecutionListener, org.springframework.test.context.web.ServletTestExecutionListener, org.springframework.test.context.support.DirtiesContextBeforeModesTestExecutionListener, org.springframework.test.context.event.ApplicationEventsTestExecutionListener, org.springframework.test.context.support.DependencyInjectionTestExecutionListener, org.springframework.test.context.support.DirtiesContextTestExecutionListener, org.springframework.test.context.transaction.TransactionalTestExecutionListener, org.springframework.test.context.jdbc.SqlScriptsTestExecutionListener, org.springframework.test.context.event.EventPublishingTestExecutionListener] 
26-05-13 22:58:29.658 [main] INFO  o.s.b.t.c.SpringBootTestContextBootstrapper - Using TestExecutionListeners: [org.springframework.test.context.web.ServletTestExecutionListener@7dbe858f, org.springframework.test.context.support.DirtiesContextBeforeModesTestExecutionListener@387ef6a7, org.springframework.test.context.event.ApplicationEventsTestExecutionListener@2330c995, org.springframework.boot.test.mock.mockito.MockitoTestExecutionListener@7d086485, org.springframework.boot.test.autoconfigure.SpringBootDependencyInjectionTestExecutionListener@74130456, org.springframework.test.context.support.DirtiesContextTestExecutionListener@3b171fbd, org.springframework.test.context.transaction.TransactionalTestExecutionListener@1ece052b, org.springframework.test.context.jdbc.SqlScriptsTestExecutionListener@20dc763b, org.springframework.test.context.event.EventPublishingTestExecutionListener@4c81e7c2, org.springframework.boot.test.mock.mockito.ResetMocksTestExecutionListener@4fe8e318, org.springframework.boot.test.autoconfigure.restdocs.RestDocsTestExecutionListener@21e15093, org.springframework.boot.test.autoconfigure.web.client.MockRestServiceServerResetTestExecutionListener@62cf873a, org.springframework.boot.test.autoconfigure.web.servlet.MockMvcPrintOnlyOnFailureTestExecutionListener@21b3d356, org.springframework.boot.test.autoconfigure.web.servlet.WebDriverTestExecutionListener@294b045b, org.springframework.boot.test.autoconfigure.webservices.client.MockWebServiceServerTestExecutionListener@285ac29] 
26-05-13 22:58:29.662 [main] INFO  o.s.b.t.c.SpringBootTestContextBootstrapper - Neither @ContextConfiguration nor @ContextHierarchy found for test class [net.shashikantlohar.journalApp.service.EmailServiceTests], using SpringBootContextLoader 
26-05-13 22:58:29.670 [main] INFO  o.s.t.c.s.AbstractContextLoader - Could not detect default resource locations for test class [net.shashikantlohar.journalApp.service.EmailServiceTests]: no resource found for suffixes {-context.xml, Context.groovy}. 
26-05-13 22:58:29.670 [main] INFO  o.s.t.c.s.AnnotationConfigContextLoaderUtils - Could not detect default configuration classes for test class [net.shashikantlohar.journalApp.service.EmailServiceTests]: EmailServiceTests does not declare any static, non-private, non-final, nested classes annotated with @Configuration. 
26-05-13 22:58:29.721 [main] INFO  o.s.b.t.c.SpringBootTestContextBootstrapper - Found @SpringBootConfiguration net.shashikantlohar.journalApp.JournalApplication for test class net.shashikantlohar.journalApp.service.EmailServiceTests 
26-05-13 22:58:29.726 [main] INFO  o.s.b.t.c.SpringBootTestContextBootstrapper - Loaded default TestExecutionListener class names from location [META-INF/spring.factories]: [org.springframework.boot.test.mock.mockito.MockitoTestExecutionListener, org.springframework.boot.test.mock.mockito.ResetMocksTestExecutionListener, org.springframework.boot.test.autoconfigure.restdocs.RestDocsTestExecutionListener, org.springframework.boot.test.autoconfigure.web.client.MockRestServiceServerResetTestExecutionListener, org.springframework.boot.test.autoconfigure.web.servlet.MockMvcPrintOnlyOnFailureTestExecutionListener, org.springframework.boot.test.autoconfigure.web.servlet.WebDriverTestExecutionListener, org.springframework.boot.test.autoconfigure.webservices.client.MockWebServiceServerTestExecutionListener, org.springframework.test.context.web.ServletTestExecutionListener, org.springframework.test.context.support.DirtiesContextBeforeModesTestExecutionListener, org.springframework.test.context.event.ApplicationEventsTestExecutionListener, org.springframework.test.context.support.DependencyInjectionTestExecutionListener, org.springframework.test.context.support.DirtiesContextTestExecutionListener, org.springframework.test.context.transaction.TransactionalTestExecutionListener, org.springframework.test.context.jdbc.SqlScriptsTestExecutionListener, org.springframework.test.context.event.EventPublishingTestExecutionListener] 
26-05-13 22:58:29.726 [main] INFO  o.s.b.t.c.SpringBootTestContextBootstrapper - Using TestExecutionListeners: [org.springframework.test.context.web.ServletTestExecutionListener@796a7c9, org.springframework.test.context.support.DirtiesContextBeforeModesTestExecutionListener@44cab872, org.springframework.test.context.event.ApplicationEventsTestExecutionListener@452a32f2, org.springframework.boot.test.mock.mockito.MockitoTestExecutionListener@2db75e32, org.springframework.boot.test.autoconfigure.SpringBootDependencyInjectionTestExecutionListener@1f2d0ca2, org.springframework.test.context.support.DirtiesContextTestExecutionListener@e353e1d, org.springframework.test.context.transaction.TransactionalTestExecutionListener@1a1c308b, org.springframework.test.context.jdbc.SqlScriptsTestExecutionListener@d4dbb34, org.springframework.test.context.event.EventPublishingTestExecutionListener@7af2ee23, org.springframework.boot.test.mock.mockito.ResetMocksTestExecutionListener@5d10e2b6, org.springframework.boot.test.autoconfigure.restdocs.RestDocsTestExecutionListener@267309f7, org.springframework.boot.test.autoconfigure.web.client.MockRestServiceServerResetTestExecutionListener@46878216, org.springframework.boot.test.autoconfigure.web.servlet.MockMvcPrintOnlyOnFailureTestExecutionListener@2b69ff13, org.springframework.boot.test.autoconfigure.web.servlet.WebDriverTestExecutionListener@7136ad9a, org.springframework.boot.test.autoconfigure.webservices.client.MockWebServiceServerTestExecutionListener@4fb42efa] 
26-05-13 22:58:29.740 [main] INFO  o.s.b.t.c.SpringBootTestContextBootstrapper - Neither @ContextConfiguration nor @ContextHierarchy found for test class [net.shashikantlohar.journalApp.service.RedisTests], using SpringBootContextLoader 
26-05-13 22:58:29.744 [main] INFO  o.s.t.c.s.AbstractContextLoader - Could not detect default resource locations for test class [net.shashikantlohar.journalApp.service.RedisTests]: no resource found for suffixes {-context.xml, Context.groovy}. 
26-05-13 22:58:29.744 [main] INFO  o.s.t.c.s.AnnotationConfigContextLoaderUtils - Could not detect default configuration classes for test class [net.shashikantlohar.journalApp.service.RedisTests]: RedisTests does not declare any static, non-private, non-final, nested classes annotated with @Configuration. 
26-05-13 22:58:29.772 [main] INFO  o.s.b.t.c.SpringBootTestContextBootstrapper - Found @SpringBootConfiguration net.shashikantlohar.journalApp.JournalApplication for test class net.shashikantlohar.journalApp.service.RedisTests 
26-05-13 22:58:29.777 [main] INFO  o.s.b.t.c.SpringBootTestContextBootstrapper - Loaded default TestExecutionListener class names from location [META-INF/spring.factories]: [org.springframework.boot.test.mock.mockito.MockitoTestExecutionListener, org.springframework.boot.test.mock.mockito.ResetMocksTestExecutionListener, org.springframework.boot.test.autoconfigure.restdocs.RestDocsTestExecutionListener, org.springframework.boot.test.autoconfigure.web.client.MockRestServiceServerResetTestExecutionListener, org.springframework.boot.test.autoconfigure.web.servlet.MockMvcPrintOnlyOnFailureTestExecutionListener, org.springframework.boot.test.autoconfigure.web.servlet.WebDriverTestExecutionListener, org.springframework.boot.test.autoconfigure.webservices.client.MockWebServiceServerTestExecutionListener, org.springframework.test.context.web.ServletTestExecutionListener, org.springframework.test.context.support.DirtiesContextBeforeModesTestExecutionListener, org.springframework.test.context.event.ApplicationEventsTestExecutionListener, org.springframework.test.context.support.DependencyInjectionTestExecutionListener, org.springframework.test.context.support.DirtiesContextTestExecutionListener, org.springframework.test.context.transaction.TransactionalTestExecutionListener, org.springframework.test.context.jdbc.SqlScriptsTestExecutionListener, org.springframework.test.context.event.EventPublishingTestExecutionListener] 
26-05-13 22:58:29.780 [main] INFO  o.s.b.t.c.SpringBootTestContextBootstrapper - Using TestExecutionListeners: [org.springframework.test.context.web.ServletTestExecutionListener@51ac72f7, org.springframework.test.context.support.DirtiesContextBeforeModesTestExecutionListener@15324f25, org.springframework.test.context.event.ApplicationEventsTestExecutionListener@7b9f7087, org.springframework.boot.test.mock.mockito.MockitoTestExecutionListener@22e650e, org.springframework.boot.test.autoconfigure.SpringBootDependencyInjectionTestExecutionListener@30a79476, org.springframework.test.context.support.DirtiesContextTestExecutionListener@376bae20, org.springframework.test.context.transaction.TransactionalTestExecutionListener@37f0fb02, org.springframework.test.context.jdbc.SqlScriptsTestExecutionListener@4687fee7, org.springframework.test.context.event.EventPublishingTestExecutionListener@4a0fc665, org.springframework.boot.test.mock.mockito.ResetMocksTestExecutionListener@207f7baa, org.springframework.boot.test.autoconfigure.restdocs.RestDocsTestExecutionListener@1067bc4c, org.springframework.boot.test.autoconfigure.web.client.MockRestServiceServerResetTestExecutionListener@69ee0861, org.springframework.boot.test.autoconfigure.web.servlet.MockMvcPrintOnlyOnFailureTestExecutionListener@5de6c7d7, org.springframework.boot.test.autoconfigure.web.servlet.WebDriverTestExecutionListener@69f55ea, org.springframework.boot.test.autoconfigure.webservices.client.MockWebServiceServerTestExecutionListener@2b370ca9] 
26-05-13 22:58:29.822 [main] INFO  o.s.b.t.c.SpringBootTestContextBootstrapper - Neither @ContextConfiguration nor @ContextHierarchy found for test class [net.shashikantlohar.journalApp.service.UserServiceTests], using SpringBootContextLoader 
26-05-13 22:58:29.826 [main] INFO  o.s.t.c.s.AbstractContextLoader - Could not detect default resource locations for test class [net.shashikantlohar.journalApp.service.UserServiceTests]: no resource found for suffixes {-context.xml, Context.groovy}. 
26-05-13 22:58:29.828 [main] INFO  o.s.t.c.s.AnnotationConfigContextLoaderUtils - Could not detect default configuration classes for test class [net.shashikantlohar.journalApp.service.UserServiceTests]: UserServiceTests does not declare any static, non-private, non-final, nested classes annotated with @Configuration. 
26-05-13 22:58:29.832 [main] INFO  o.s.b.t.c.SpringBootTestContextBootstrapper - Found @SpringBootConfiguration net.shashikantlohar.journalApp.JournalApplication for test class net.shashikantlohar.journalApp.service.UserServiceTests 
26-05-13 22:58:29.836 [main] INFO  o.s.b.t.c.SpringBootTestContextBootstrapper - Loaded default TestExecutionListener class names from location [META-INF/spring.factories]: [org.springframework.boot.test.mock.mockito.MockitoTestExecutionListener, org.springframework.boot.test.mock.mockito.ResetMocksTestExecutionListener, org.springframework.boot.test.autoconfigure.restdocs.RestDocsTestExecutionListener, org.springframework.boot.test.autoconfigure.web.client.MockRestServiceServerResetTestExecutionListener, org.springframework.boot.test.autoconfigure.web.servlet.MockMvcPrintOnlyOnFailureTestExecutionListener, org.springframework.boot.test.autoconfigure.web.servlet.WebDriverTestExecutionListener, org.springframework.boot.test.autoconfigure.webservices.client.MockWebServiceServerTestExecutionListener, org.springframework.test.context.web.ServletTestExecutionListener, org.springframework.test.context.support.DirtiesContextBeforeModesTestExecutionListener, org.springframework.test.context.event.ApplicationEventsTestExecutionListener, org.springframework.test.context.support.DependencyInjectionTestExecutionListener, org.springframework.test.context.support.DirtiesContextTestExecutionListener, org.springframework.test.context.transaction.TransactionalTestExecutionListener, org.springframework.test.context.jdbc.SqlScriptsTestExecutionListener, org.springframework.test.context.event.EventPublishingTestExecutionListener] 
26-05-13 22:58:29.838 [main] INFO  o.s.b.t.c.SpringBootTestContextBootstrapper - Using TestExecutionListeners: [org.springframework.test.context.web.ServletTestExecutionListener@68aa1164, org.springframework.test.context.support.DirtiesContextBeforeModesTestExecutionListener@1188e08b, org.springframework.test.context.event.ApplicationEventsTestExecutionListener@12e13abd, org.springframework.boot.test.mock.mockito.MockitoTestExecutionListener@5694f6a0, org.springframework.boot.test.autoconfigure.SpringBootDependencyInjectionTestExecutionListener@6e0dec27, org.springframework.test.context.support.DirtiesContextTestExecutionListener@3857c5d5, org.springframework.test.context.transaction.TransactionalTestExecutionListener@237824b0, org.springframework.test.context.jdbc.SqlScriptsTestExecutionListener@52a8f789, org.springframework.test.context.event.EventPublishingTestExecutionListener@5345552f, org.springframework.boot.test.mock.mockito.ResetMocksTestExecutionListener@55ba4bff, org.springframework.boot.test.autoconfigure.restdocs.RestDocsTestExecutionListener@3705a85c, org.springframework.boot.test.autoconfigure.web.client.MockRestServiceServerResetTestExecutionListener@2284058a, org.springframework.boot.test.autoconfigure.web.servlet.MockMvcPrintOnlyOnFailureTestExecutionListener@5b11d0d8, org.springframework.boot.test.autoconfigure.web.servlet.WebDriverTestExecutionListener@5cf39df6, org.springframework.boot.test.autoconfigure.webservices.client.MockWebServiceServerTestExecutionListener@46ae897c] 
26-05-13 22:58:30.462 [org.springframework.kafka.KafkaListenerEndpointContainer#0-0-C-1] INFO  o.a.k.c.c.i.ConsumerCoordinator - [Consumer clientId=consumer-weekly-sentiment-group-1, groupId=weekly-sentiment-group] Resetting generation due to: consumer pro-actively leaving the group 
26-05-13 22:58:30.462 [org.springframework.kafka.KafkaListenerEndpointContainer#0-0-C-1] INFO  o.a.k.c.c.i.ConsumerCoordinator - [Consumer clientId=consumer-weekly-sentiment-group-1, groupId=weekly-sentiment-group] Request joining group due to: consumer pro-actively leaving the group 
26-05-13 22:58:30.462 [org.springframework.kafka.KafkaListenerEndpointContainer#0-0-C-1] INFO  o.a.k.clients.consumer.KafkaConsumer - [Consumer clientId=consumer-weekly-sentiment-group-1, groupId=weekly-sentiment-group] Unsubscribed all topics or patterns and assigned partitions 
26-05-13 22:58:30.462 [org.springframework.kafka.KafkaListenerEndpointContainer#0-0-C-1] INFO  o.a.k.c.c.i.ConsumerCoordinator - [Consumer clientId=consumer-weekly-sentiment-group-1, groupId=weekly-sentiment-group] Resetting generation due to: consumer pro-actively leaving the group 
26-05-13 22:58:30.462 [org.springframework.kafka.KafkaListenerEndpointContainer#0-0-C-1] INFO  o.a.k.c.c.i.ConsumerCoordinator - [Consumer clientId=consumer-weekly-sentiment-group-1, groupId=weekly-sentiment-group] Request joining group due to: consumer pro-actively leaving the group 
26-05-13 22:58:30.462 [org.springframework.kafka.KafkaListenerEndpointContainer#0-0-C-1] INFO  o.a.kafka.common.metrics.Metrics - Metrics scheduler closed 
26-05-13 22:58:30.462 [org.springframework.kafka.KafkaListenerEndpointContainer#0-0-C-1] INFO  o.a.kafka.common.metrics.Metrics - Closing reporter org.apache.kafka.common.metrics.JmxReporter 
26-05-13 22:58:30.462 [org.springframework.kafka.KafkaListenerEndpointContainer#0-0-C-1] INFO  o.a.kafka.common.metrics.Metrics - Metrics reporters closed 
26-05-13 22:58:30.500 [org.springframework.kafka.KafkaListenerEndpointContainer#0-0-C-1] INFO  o.a.kafka.common.utils.AppInfoParser - App info kafka.consumer for consumer-weekly-sentiment-group-1 unregistered 
26-05-13 22:58:30.501 [org.springframework.kafka.KafkaListenerEndpointContainer#0-0-C-1] INFO  o.s.k.l.KafkaMessageListenerContainer - weekly-sentiment-group: Consumer stopped 
